Running optifine install wrapper!
Invoking do install with file: /home/dhannah/.minecraft
Dir minecraft: /home/dhannah/.minecraft
Dir libraries: /home/dhannah/.minecraft/libraries
Dir versions: /home/dhannah/.minecraft/versions
OptiFine Version: OptiFine_1.8.9_HD_U_M5
Minecraft Version: 1.8.9
OptiFine Edition: HD_U_M5
Minecraft_OptiFine Version: 1.8.9-OptiFine_HD_U_M5
Dir version MC: /home/dhannah/.minecraft/versions/1.8.9
Dir version MC-OF: /home/dhannah/.minecraft/versions/1.8.9-OptiFine_HD_U_M5
URL: file:/home/dhannah/.cache/Badlion%20Client/Data/OptiFine_1.8.9_HD_U_M5.jar
Source: /home/dhannah/.cache/Badlion Client/Data/OptiFine_1.8.9_HD_U_M5.jar
Dest: /home/dhannah/.minecraft/libraries/optifine/OptiFine/1.8.9_HD_U_M5/OptiFine-1.8.9_HD_U_M5.jar
Mod: abe.class
Mod: adg.class
Mod: adk$a.class
Mod: adk$b.class
Mod: adk.class
Mod: adt.class
Mod: aey.class
Mod: aly$1.class
Mod: aly.class
Mod: amz.class
Mod: arn.class
Mod: asr.class
Mod: avh$1.class
Mod: avh$2.class
Mod: avh$a.class
Mod: avh.class
Mod: avi.class
Mod: avj.class
Mod: avn.class
Mod: avo$1.class
Mod: avo.class
Mod: avv$1.class
Mod: avv.class
Mod: awi.class
Mod: axr.class
Mod: axs.class
Mod: axx$1.class
Mod: axx$a.class
Mod: axx.class
Mod: aya.class
Mod: ayb.class
Mod: b$1.class
Mod: b$2.class
Mod: b$3.class
Mod: b$4.class
Mod: b$5.class
Mod: b$6.class
Mod: b$7.class
Mod: b.class
Mod: bbr.class
Mod: bbs.class
Mod: bcr.class
Mod: bct.class
Mod: bdb$1.class
Mod: bdb$2.class
Mod: bdb$3.class
Mod: bdb$4.class
Mod: bdb.class
Mod: bdw.class
Mod: bec$1.class
Mod: bec$2.class
Mod: bec$3.class
Mod: bec$4.class
Mod: bec.class
Mod: bet.class
Mod: bfd$1.class
Mod: bfd$2.class
Mod: bfd$a.class
Mod: bfd.class
Mod: bfe$1.class
Mod: bfe.class
Mod: bff.class
Mod: bfh.class
Mod: bfk$1.class
Mod: bfk$2.class
Mod: bfk$3.class
Mod: bfk$4.class
Mod: bfk.class
Mod: bfl$1.class
Mod: bfl$a.class
Mod: bfl$b.class
Mod: bfl$c.class
Mod: bfl$d.class
Mod: bfl$e.class
Mod: bfl$f.class
Mod: bfl$g.class
Mod: bfl$h.class
Mod: bfl$i.class
Mod: bfl$j.class
Mod: bfl$k.class
Mod: bfl$l.class
Mod: bfl$m.class
Mod: bfl$n.class
Mod: bfl$o.class
Mod: bfl$p.class
Mod: bfl$q.class
Mod: bfl$r.class
Mod: bfl.class
Mod: bfn$1.class
Mod: bfn.class
Mod: bfo.class
Mod: bfr$1.class
Mod: bfr$2.class
Mod: bfr$a.class
Mod: bfr.class
Mod: bfs.class
Mod: bft.class
Mod: bfx.class
Mod: bfy.class
Mod: bfz.class
Mod: bga.class
Mod: bge.class
Mod: bgf$1.class
Mod: bgf$a.class
Mod: bgf$b.class
Mod: bgf$c.class
Mod: bgf$d.class
Mod: bgf.class
Mod: bgg.class
Mod: bgn$1.class
Mod: bgn.class
Mod: bgo$1.class
Mod: bgo.class
Mod: bhb.class
Mod: bhc.class
Mod: bhd.class
Mod: bhj.class
Mod: bhl.class
Mod: bho$1.class
Mod: bho$2.class
Mod: bho$3.class
Mod: bho.class
Mod: bhq$1.class
Mod: bhq.class
Mod: bht.class
Mod: bhw$1.class
Mod: bhw.class
Mod: bhx.class
Mod: bic.class
Mod: bid.class
Mod: biu.class
Mod: biv.class
Mod: biw.class
Mod: bjg.class
Mod: bjh$1.class
Mod: bjh$2.class
Mod: bjh$3.class
Mod: bjh$4.class
Mod: bjh$5.class
Mod: bjh$6.class
Mod: bjh$7.class
Mod: bjh$8.class
Mod: bjh$9.class
Mod: bjh.class
Mod: bjl$1.class
Mod: bjl.class
Mod: bjo.class
Mod: bkn$1.class
Mod: bkn.class
Mod: bkp.class
Mod: bkv.class
Mod: bkw.class
Mod: bkz.class
Mod: blc.class
Mod: blf.class
Mod: blk.class
Mod: bly.class
Mod: bma$1.class
Mod: bma.class
Mod: bmc.class
Mod: bmd.class
Mod: bme.class
Mod: bmf$a.class
Mod: bmf$b.class
Mod: bmf.class
Mod: bmh$1.class
Mod: bmh$2.class
Mod: bmh$3.class
Mod: bmh.class
Mod: bmi$1.class
Mod: bmi.class
Mod: bmj$1.class
Mod: bmj.class
Mod: bmk.class
Mod: bml.class
Mod: bms.class
Mod: bmt.class
Mod: bmx.class
Mod: bna.class
Mod: bnm$1.class
Mod: bnm$2.class
Mod: bnm$3.class
Mod: bnm$a.class
Mod: bnm.class
Mod: bnq.class
Mod: bor.class
Mod: bot$1.class
Mod: bot$2.class
Mod: bot.class
Mod: bpo$1.class
Mod: bpo$2.class
Mod: bpo$3.class
Mod: bpo.class
Mod: bqq.class
Mod: bqs.class
Same: Config.class
Mod: cq$1.class
Mod: cq$a.class
Mod: cq$b.class
Mod: cq$c.class
Mod: cq.class
Mod: fh$1.class
Mod: fh.class
Mod: g$a.class
Mod: g.class
Same: javax/vecmath/Matrix4f.class
Mod: lc$a.class
Mod: lc.class
Mod: ne$1.class
Mod: ne.class
Same: net/minecraftforge/client/model/IModelPart.class
Same: net/minecraftforge/client/model/IModelState.class
Same: net/minecraftforge/client/model/ISmartItemModel.class
Same: net/minecraftforge/client/model/ITransformation.class
Same: net/minecraftforge/client/model/pipeline/IVertexConsumer.class
Same: net/minecraftforge/client/model/pipeline/IVertexProducer.class
Same: net/minecraftforge/client/model/TRSRTransformation.class
Same: net/minecraftforge/common/property/IUnlistedProperty.class
Same: net/minecraftforge/fml/common/registry/RegistryDelegate.class
Same: net/optifine/BetterGrass.class
Same: net/optifine/BetterSnow.class
Same: net/optifine/BlockDir.class
Same: net/optifine/BlockPosM$1$1.class
Same: net/optifine/BlockPosM$1.class
Same: net/optifine/BlockPosM.class
Same: net/optifine/ChunkPosComparator.class
Same: net/optifine/ClearWater.class
Same: net/optifine/config/ConnectedParser$1.class
Same: net/optifine/config/ConnectedParser$2.class
Same: net/optifine/config/ConnectedParser.class
Same: net/optifine/config/EntityClassLocator.class
Same: net/optifine/config/GlVersion.class
Same: net/optifine/config/INameGetter.class
Same: net/optifine/config/IObjectLocator.class
Same: net/optifine/config/IParserInt.class
Same: net/optifine/config/ItemLocator.class
Same: net/optifine/config/MatchBlock.class
Same: net/optifine/config/Matches.class
Same: net/optifine/config/NbtTagValue.class
Same: net/optifine/config/ParserEnchantmentId.class
Same: net/optifine/config/RangeInt.class
Same: net/optifine/config/RangeListInt.class
Same: net/optifine/config/VillagerProfession.class
Same: net/optifine/config/Weather.class
Same: net/optifine/ConnectedProperties.class
Same: net/optifine/ConnectedTextures$1.class
Same: net/optifine/ConnectedTextures.class
Same: net/optifine/ConnectedTexturesCompact$1.class
Same: net/optifine/ConnectedTexturesCompact$Dir.class
Same: net/optifine/ConnectedTexturesCompact.class
Same: net/optifine/CrashReporter$1.class
Same: net/optifine/CrashReporter.class
Same: net/optifine/CustomBlockLayers.class
Same: net/optifine/CustomColorFader.class
Same: net/optifine/CustomColormap.class
Same: net/optifine/CustomColors$1.class
Same: net/optifine/CustomColors$2.class
Same: net/optifine/CustomColors$3.class
Same: net/optifine/CustomColors$4.class
Same: net/optifine/CustomColors$5.class
Same: net/optifine/CustomColors$IColorizer.class
Same: net/optifine/CustomColors.class
Same: net/optifine/CustomGuiProperties$1.class
Same: net/optifine/CustomGuiProperties$EnumContainer.class
Same: net/optifine/CustomGuiProperties$EnumVariant.class
Same: net/optifine/CustomGuiProperties.class
Same: net/optifine/CustomGuis.class
Same: net/optifine/CustomItemProperties.class
Same: net/optifine/CustomItems$1.class
Same: net/optifine/CustomItems.class
Same: net/optifine/CustomItemsComparator.class
Same: net/optifine/CustomLoadingScreen.class
Same: net/optifine/CustomLoadingScreens.class
Same: net/optifine/CustomPanorama.class
Same: net/optifine/CustomPanoramaProperties.class
Same: net/optifine/CustomSky.class
Same: net/optifine/CustomSkyLayer.class
Same: net/optifine/DynamicLight.class
Same: net/optifine/DynamicLights.class
Same: net/optifine/DynamicLightsMap.class
Same: net/optifine/EmissiveTextures.class
Same: net/optifine/entity/model/anim/IModelResolver.class
Same: net/optifine/entity/model/anim/IRenderResolver.class
Same: net/optifine/entity/model/anim/ModelResolver.class
Same: net/optifine/entity/model/anim/ModelUpdater.class
Same: net/optifine/entity/model/anim/ModelVariableFloat.class
Same: net/optifine/entity/model/anim/ModelVariableType$1.class
Same: net/optifine/entity/model/anim/ModelVariableType.class
Same: net/optifine/entity/model/anim/ModelVariableUpdater.class
Same: net/optifine/entity/model/anim/RenderEntityParameterBool$1.class
Same: net/optifine/entity/model/anim/RenderEntityParameterBool.class
Same: net/optifine/entity/model/anim/RenderEntityParameterFloat$1.class
Same: net/optifine/entity/model/anim/RenderEntityParameterFloat.class
Same: net/optifine/entity/model/anim/RenderResolverEntity.class
Same: net/optifine/entity/model/anim/RenderResolverTileEntity.class
Same: net/optifine/entity/model/CustomEntityModel.class
Same: net/optifine/entity/model/CustomEntityModelParser.class
Same: net/optifine/entity/model/CustomEntityModels.class
Same: net/optifine/entity/model/CustomEntityRenderer.class
Same: net/optifine/entity/model/CustomModelRegistry.class
Same: net/optifine/entity/model/CustomModelRenderer.class
Same: net/optifine/entity/model/IEntityRenderer.class
Same: net/optifine/entity/model/ModelAdapter.class
Same: net/optifine/entity/model/ModelAdapterArmorStand.class
Same: net/optifine/entity/model/ModelAdapterBanner.class
Same: net/optifine/entity/model/ModelAdapterBat.class
Same: net/optifine/entity/model/ModelAdapterBiped.class
Same: net/optifine/entity/model/ModelAdapterBlaze.class
Same: net/optifine/entity/model/ModelAdapterBoat.class
Same: net/optifine/entity/model/ModelAdapterBook.class
Same: net/optifine/entity/model/ModelAdapterCaveSpider.class
Same: net/optifine/entity/model/ModelAdapterChest.class
Same: net/optifine/entity/model/ModelAdapterChestLarge.class
Same: net/optifine/entity/model/ModelAdapterChicken.class
Same: net/optifine/entity/model/ModelAdapterCow.class
Same: net/optifine/entity/model/ModelAdapterCreeper.class
Same: net/optifine/entity/model/ModelAdapterDragon.class
Same: net/optifine/entity/model/ModelAdapterEnderChest.class
Same: net/optifine/entity/model/ModelAdapterEnderCrystal.class
Same: net/optifine/entity/model/ModelAdapterEnderman.class
Same: net/optifine/entity/model/ModelAdapterEndermite.class
Same: net/optifine/entity/model/ModelAdapterGhast.class
Same: net/optifine/entity/model/ModelAdapterGuardian.class
Same: net/optifine/entity/model/ModelAdapterHeadHumanoid.class
Same: net/optifine/entity/model/ModelAdapterHeadSkeleton.class
Same: net/optifine/entity/model/ModelAdapterHorse.class
Same: net/optifine/entity/model/ModelAdapterIronGolem.class
Same: net/optifine/entity/model/ModelAdapterLeadKnot.class
Same: net/optifine/entity/model/ModelAdapterMagmaCube.class
Same: net/optifine/entity/model/ModelAdapterMinecart.class
Same: net/optifine/entity/model/ModelAdapterMinecartMobSpawner.class
Same: net/optifine/entity/model/ModelAdapterMinecartTnt.class
Same: net/optifine/entity/model/ModelAdapterMooshroom.class
Same: net/optifine/entity/model/ModelAdapterOcelot.class
Same: net/optifine/entity/model/ModelAdapterPig.class
Same: net/optifine/entity/model/ModelAdapterPigZombie.class
Same: net/optifine/entity/model/ModelAdapterQuadruped.class
Same: net/optifine/entity/model/ModelAdapterRabbit.class
Same: net/optifine/entity/model/ModelAdapterSheep.class
Same: net/optifine/entity/model/ModelAdapterSheepWool.class
Same: net/optifine/entity/model/ModelAdapterSign.class
Same: net/optifine/entity/model/ModelAdapterSilverfish.class
Same: net/optifine/entity/model/ModelAdapterSkeleton.class
Same: net/optifine/entity/model/ModelAdapterSlime.class
Same: net/optifine/entity/model/ModelAdapterSnowman.class
Same: net/optifine/entity/model/ModelAdapterSpider.class
Same: net/optifine/entity/model/ModelAdapterSquid.class
Same: net/optifine/entity/model/ModelAdapterVillager.class
Same: net/optifine/entity/model/ModelAdapterWitch.class
Same: net/optifine/entity/model/ModelAdapterWither.class
Same: net/optifine/entity/model/ModelAdapterWitherSkull.class
Same: net/optifine/entity/model/ModelAdapterWolf.class
Same: net/optifine/entity/model/ModelAdapterZombie.class
Same: net/optifine/expr/ConstantFloat.class
Same: net/optifine/expr/ExpressionFloatArrayCached.class
Same: net/optifine/expr/ExpressionFloatCached.class
Same: net/optifine/expr/ExpressionParser$1.class
Same: net/optifine/expr/ExpressionParser.class
Same: net/optifine/expr/ExpressionType.class
Same: net/optifine/expr/FunctionBool.class
Same: net/optifine/expr/FunctionFloat$1.class
Same: net/optifine/expr/FunctionFloat.class
Same: net/optifine/expr/FunctionFloatArray.class
Same: net/optifine/expr/FunctionType$1.class
Same: net/optifine/expr/FunctionType.class
Same: net/optifine/expr/IExpression.class
Same: net/optifine/expr/IExpressionBool.class
Same: net/optifine/expr/IExpressionCached.class
Same: net/optifine/expr/IExpressionFloat.class
Same: net/optifine/expr/IExpressionFloatArray.class
Same: net/optifine/expr/IExpressionResolver.class
Same: net/optifine/expr/IParameters.class
Same: net/optifine/expr/Parameters.class
Same: net/optifine/expr/ParametersVariable.class
Same: net/optifine/expr/ParseException.class
Same: net/optifine/expr/TestExpressions.class
Same: net/optifine/expr/Token.class
Same: net/optifine/expr/TokenParser.class
Same: net/optifine/expr/TokenType$Const.class
Same: net/optifine/expr/TokenType.class
Same: net/optifine/GlDebugHandler.class
Same: net/optifine/GlErrors.class
Same: net/optifine/gui/GuiAnimationSettingsOF.class
Same: net/optifine/gui/GuiButtonOF.class
Same: net/optifine/gui/GuiChatOF.class
Same: net/optifine/gui/GuiDetailSettingsOF.class
Same: net/optifine/gui/GuiMessage.class
Same: net/optifine/gui/GuiOptionButtonOF.class
Same: net/optifine/gui/GuiOptionSliderOF.class
Same: net/optifine/gui/GuiOtherSettingsOF.class
Same: net/optifine/gui/GuiPerformanceSettingsOF.class
Same: net/optifine/gui/GuiQualitySettingsOF.class
Same: net/optifine/gui/GuiScreenCapeOF.class
Same: net/optifine/gui/GuiScreenOF.class
Same: net/optifine/gui/IOptionControl.class
Same: net/optifine/gui/TooltipManager.class
Same: net/optifine/gui/TooltipProvider.class
Same: net/optifine/gui/TooltipProviderEnumShaderOptions.class
Same: net/optifine/gui/TooltipProviderOptions.class
Same: net/optifine/gui/TooltipProviderShaderOptions.class
Same: net/optifine/http/FileDownloadThread.class
Same: net/optifine/http/FileUploadThread.class
Same: net/optifine/http/HttpListener.class
Same: net/optifine/http/HttpPipeline$1.class
Same: net/optifine/http/HttpPipeline.class
Same: net/optifine/http/HttpPipelineConnection.class
Same: net/optifine/http/HttpPipelineReceiver.class
Same: net/optifine/http/HttpPipelineRequest.class
Same: net/optifine/http/HttpPipelineSender.class
Same: net/optifine/http/HttpRequest.class
Same: net/optifine/http/HttpResponse.class
Same: net/optifine/http/HttpUtils.class
Same: net/optifine/http/IFileDownloadListener.class
Same: net/optifine/http/IFileUploadListener.class
Same: net/optifine/IRandomEntity.class
Same: net/optifine/Lagometer$TimerNano.class
Same: net/optifine/Lagometer.class
Same: net/optifine/Lang.class
Same: net/optifine/LightMap.class
Same: net/optifine/LightMapPack.class
Same: net/optifine/Log.class
Same: net/optifine/Mipmaps.class
Same: net/optifine/model/BlockModelCustomizer.class
Same: net/optifine/model/BlockModelUtils.class
Same: net/optifine/model/ListQuadsOverlay.class
Same: net/optifine/model/ModelSprite.class
Same: net/optifine/model/ModelUtils.class
Same: net/optifine/model/QuadBounds$1.class
Same: net/optifine/model/QuadBounds.class
Same: net/optifine/NaturalProperties.class
Same: net/optifine/NaturalTextures.class
Same: net/optifine/NextTickHashSet.class
Same: net/optifine/override/ChunkCacheOF.class
Same: net/optifine/override/PlayerControllerOF.class
Same: net/optifine/player/CapeImageBuffer.class
Same: net/optifine/player/CapeUtils.class
Same: net/optifine/player/ModelPlayerItem.class
Same: net/optifine/player/PlayerConfiguration.class
Same: net/optifine/player/PlayerConfigurationParser.class
Same: net/optifine/player/PlayerConfigurationReceiver.class
Same: net/optifine/player/PlayerConfigurations.class
Same: net/optifine/player/PlayerItemModel.class
Same: net/optifine/player/PlayerItemParser.class
Same: net/optifine/player/PlayerItemRenderer.class
Same: net/optifine/player/PlayerItemsLayer.class
Same: net/optifine/RandomEntities.class
Same: net/optifine/RandomEntity.class
Same: net/optifine/RandomEntityProperties.class
Same: net/optifine/RandomEntityRule.class
Same: net/optifine/RandomTileEntity.class
Same: net/optifine/reflect/FieldLocatorActionKeyF3.class
Same: net/optifine/reflect/FieldLocatorFixed.class
Same: net/optifine/reflect/FieldLocatorName.class
Same: net/optifine/reflect/FieldLocatorType.class
Same: net/optifine/reflect/FieldLocatorTypes.class
Same: net/optifine/reflect/IFieldLocator.class
Same: net/optifine/reflect/IResolvable.class
Same: net/optifine/reflect/Reflector$1.class
Same: net/optifine/reflect/Reflector.class
Same: net/optifine/reflect/ReflectorClass.class
Same: net/optifine/reflect/ReflectorConstructor.class
Same: net/optifine/reflect/ReflectorField.class
Same: net/optifine/reflect/ReflectorFields.class
Same: net/optifine/reflect/ReflectorForge.class
Same: net/optifine/reflect/ReflectorMethod.class
Same: net/optifine/reflect/ReflectorRaw.class
Same: net/optifine/reflect/ReflectorResolver.class
Same: net/optifine/render/AabbFrame.class
Same: net/optifine/render/Blender.class
Same: net/optifine/render/ChunkVisibility.class
Same: net/optifine/render/CloudRenderer.class
Same: net/optifine/render/GlAlphaState.class
Same: net/optifine/render/GlBlendState.class
Same: net/optifine/render/RenderEnv.class
Same: net/optifine/render/VboRange.class
Same: net/optifine/render/VboRegion.class
Same: net/optifine/shaders/BlockAlias.class
Same: net/optifine/shaders/BlockAliases.class
Same: net/optifine/shaders/ClippingHelperShadow.class
Same: net/optifine/shaders/config/EnumShaderOption.class
Same: net/optifine/shaders/config/ExpressionShaderOptionSwitch.class
Same: net/optifine/shaders/config/MacroExpressionResolver.class
Same: net/optifine/shaders/config/MacroProcessor.class
Same: net/optifine/shaders/config/MacroState.class
Same: net/optifine/shaders/config/Property.class
Same: net/optifine/shaders/config/PropertyDefaultFastFancyOff.class
Same: net/optifine/shaders/config/PropertyDefaultTrueFalse.class
Same: net/optifine/shaders/config/RenderScale.class
Same: net/optifine/shaders/config/ScreenShaderOptions.class
Same: net/optifine/shaders/config/ShaderLine.class
Same: net/optifine/shaders/config/ShaderMacro.class
Same: net/optifine/shaders/config/ShaderMacros$1.class
Same: net/optifine/shaders/config/ShaderMacros.class
Same: net/optifine/shaders/config/ShaderOption.class
Same: net/optifine/shaders/config/ShaderOptionProfile.class
Same: net/optifine/shaders/config/ShaderOptionResolver.class
Same: net/optifine/shaders/config/ShaderOptionRest.class
Same: net/optifine/shaders/config/ShaderOptionScreen.class
Same: net/optifine/shaders/config/ShaderOptionSwitch.class
Same: net/optifine/shaders/config/ShaderOptionSwitchConst.class
Same: net/optifine/shaders/config/ShaderOptionVariable.class
Same: net/optifine/shaders/config/ShaderOptionVariableConst.class
Same: net/optifine/shaders/config/ShaderPackParser$1.class
Same: net/optifine/shaders/config/ShaderPackParser.class
Same: net/optifine/shaders/config/ShaderParser.class
Same: net/optifine/shaders/config/ShaderProfile.class
Same: net/optifine/shaders/CustomTexture.class
Same: net/optifine/shaders/CustomTextureLocation.class
Same: net/optifine/shaders/CustomTextureRaw$1.class
Same: net/optifine/shaders/CustomTextureRaw.class
Same: net/optifine/shaders/DefaultTexture.class
Same: net/optifine/shaders/EntityAliases.class
Same: net/optifine/shaders/FlipTextures.class
Same: net/optifine/shaders/gui/GuiButtonDownloadShaders.class
Same: net/optifine/shaders/gui/GuiButtonEnumShaderOption$1.class
Same: net/optifine/shaders/gui/GuiButtonEnumShaderOption.class
Same: net/optifine/shaders/gui/GuiButtonShaderOption.class
Same: net/optifine/shaders/gui/GuiShaderOptions.class
Same: net/optifine/shaders/gui/GuiShaders$1.class
Same: net/optifine/shaders/gui/GuiShaders.class
Same: net/optifine/shaders/gui/GuiSliderShaderOption.class
Same: net/optifine/shaders/gui/GuiSlotShaders$1.class
Same: net/optifine/shaders/gui/GuiSlotShaders.class
Same: net/optifine/shaders/HFNoiseTexture.class
Same: net/optifine/shaders/ICustomTexture.class
Same: net/optifine/shaders/IShaderPack.class
Same: net/optifine/shaders/ItemAliases.class
Same: net/optifine/shaders/Iterator3d.class
Same: net/optifine/shaders/IteratorAxis.class
Same: net/optifine/shaders/IteratorRenderChunks.class
Same: net/optifine/shaders/MultiTexID.class
Same: net/optifine/shaders/Program.class
Same: net/optifine/shaders/Programs.class
Same: net/optifine/shaders/ProgramStack.class
Same: net/optifine/shaders/ProgramStage.class
Same: net/optifine/shaders/ShaderPackDefault.class
Same: net/optifine/shaders/ShaderPackFolder.class
Same: net/optifine/shaders/ShaderPackNone.class
Same: net/optifine/shaders/ShaderPackZip.class
Same: net/optifine/shaders/ShaderProgramData.class
Same: net/optifine/shaders/Shaders$1.class
Same: net/optifine/shaders/Shaders.class
Same: net/optifine/shaders/ShadersRender.class
Same: net/optifine/shaders/ShadersTex.class
Same: net/optifine/shaders/ShaderUtils.class
Same: net/optifine/shaders/ShadowUtils.class
Same: net/optifine/shaders/SimpleShaderTexture.class
Same: net/optifine/shaders/SMath.class
Same: net/optifine/shaders/SMCLog.class
Same: net/optifine/shaders/SVertexAttrib.class
Same: net/optifine/shaders/SVertexBuilder.class
Same: net/optifine/shaders/SVertexFormat.class
Same: net/optifine/shaders/uniform/CustomUniform.class
Same: net/optifine/shaders/uniform/CustomUniforms.class
Same: net/optifine/shaders/uniform/ShaderExpressionResolver.class
Same: net/optifine/shaders/uniform/ShaderParameterBool$1.class
Same: net/optifine/shaders/uniform/ShaderParameterBool.class
Same: net/optifine/shaders/uniform/ShaderParameterFloat$1.class
Same: net/optifine/shaders/uniform/ShaderParameterFloat.class
Same: net/optifine/shaders/uniform/ShaderParameterIndexed.class
Same: net/optifine/shaders/uniform/ShaderUniform1f.class
Same: net/optifine/shaders/uniform/ShaderUniform1i.class
Same: net/optifine/shaders/uniform/ShaderUniform2f.class
Same: net/optifine/shaders/uniform/ShaderUniform2i.class
Same: net/optifine/shaders/uniform/ShaderUniform3f.class
Same: net/optifine/shaders/uniform/ShaderUniform4f.class
Same: net/optifine/shaders/uniform/ShaderUniform4i.class
Same: net/optifine/shaders/uniform/ShaderUniformBase.class
Same: net/optifine/shaders/uniform/ShaderUniformM4.class
Same: net/optifine/shaders/uniform/ShaderUniforms.class
Same: net/optifine/shaders/uniform/Smoother.class
Same: net/optifine/shaders/uniform/UniformType$1.class
Same: net/optifine/shaders/uniform/UniformType.class
Same: net/optifine/SmartAnimations.class
Same: net/optifine/SmartLeaves.class
Same: net/optifine/texture/InternalFormat.class
Same: net/optifine/texture/PixelFormat.class
Same: net/optifine/texture/PixelType.class
Same: net/optifine/texture/TextureType.class
Same: net/optifine/TextureAnimation.class
Same: net/optifine/TextureAnimationFrame.class
Same: net/optifine/TextureAnimations.class
Same: net/optifine/util/ArrayCache.class
Same: net/optifine/util/ArrayUtils.class
Same: net/optifine/util/CacheLocal.class
Same: net/optifine/util/CacheLocalByte.class
Same: net/optifine/util/CacheObjectArray.class
Same: net/optifine/util/ChunkUtils.class
Same: net/optifine/util/CompactArrayList.class
Same: net/optifine/util/CompoundKey.class
Same: net/optifine/util/CounterInt.class
Same: net/optifine/util/DisplayModeComparator.class
Same: net/optifine/util/EntityUtils.class
Same: net/optifine/util/FontUtils.class
Same: net/optifine/util/FrameEvent.class
Same: net/optifine/util/IntArray.class
Same: net/optifine/util/IntegratedServerUtils.class
Same: net/optifine/util/IteratorCache$IteratorReadOnly.class
Same: net/optifine/util/IteratorCache$IteratorReusable.class
Same: net/optifine/util/IteratorCache.class
Same: net/optifine/util/Json.class
Same: net/optifine/util/KeyUtils.class
Same: net/optifine/util/LinkedList$1.class
Same: net/optifine/util/LinkedList$Node.class
Same: net/optifine/util/LinkedList.class
Same: net/optifine/util/LinkedListTest.class
Same: net/optifine/util/LockCounter.class
Same: net/optifine/util/LongSupplier.class
Same: net/optifine/util/MathUtils.class
Same: net/optifine/util/MathUtilsTest$1.class
Same: net/optifine/util/MathUtilsTest$OPER.class
Same: net/optifine/util/MathUtilsTest.class
Same: net/optifine/util/MemoryMonitor.class
Same: net/optifine/util/NativeMemory$1.class
Same: net/optifine/util/NativeMemory.class
Same: net/optifine/util/NumUtils.class
Same: net/optifine/util/PropertiesOrdered.class
Same: net/optifine/util/RenderChunkUtils.class
Same: net/optifine/util/ResUtils.class
Same: net/optifine/util/SmoothFloat.class
Same: net/optifine/util/StrUtils.class
Same: net/optifine/util/TextureUtils$1.class
Same: net/optifine/util/TextureUtils$2.class
Same: net/optifine/util/TextureUtils.class
Same: net/optifine/util/TileEntityUtils.class
Same: net/optifine/util/TimedEvent.class
Same: net/optifine/VersionCheckThread.class
Mod: nl.class
Mod: nq$a.class
Mod: nq.class
Mod: ns.class
Mod: nt$a.class
Mod: nt.class
Same: optifine/AccessFixer.class
Same: optifine/Differ.class
Same: optifine/HashUtils.class
Same: optifine/Installer.class
Same: optifine/InstallerFrame$IvjEventHandler.class
Same: optifine/InstallerFrame.class
Same: optifine/IOptiFineResourceLocator.class
Same: optifine/IResourceProvider.class
Same: optifine/json/ContainerFactory.class
Same: optifine/json/ContentHandler.class
Same: optifine/json/ItemList.class
Same: optifine/json/JSONArray.class
Same: optifine/json/JSONAware.class
Same: optifine/json/JSONObject.class
Same: optifine/json/JSONParser.class
Same: optifine/json/JSONStreamAware.class
Same: optifine/json/JSONValue.class
Same: optifine/json/JSONWriter.class
Same: optifine/json/ParseException.class
Same: optifine/json/Yylex.class
Same: optifine/json/Yytoken.class
Same: optifine/LaunchUtils.class
Same: optifine/OptiFineClassTransformer.class
Same: optifine/OptiFineForgeTweaker.class
Same: optifine/OptiFineResourceLocator.class
Same: optifine/OptiFineTransformationService.class
Same: optifine/OptiFineTransformer.class
Same: optifine/OptiFineTweaker.class
Same: optifine/Patcher.class
Same: optifine/ProfileIcon.class
Same: optifine/Utils$OS.class
Same: optifine/Utils.class
Same: optifine/xdelta/BitArray.class
Same: optifine/xdelta/ByteArraySeekableSource.class
Same: optifine/xdelta/Checksum.class
Same: optifine/xdelta/DebugDiffWriter.class
Same: optifine/xdelta/Delta.class
Same: optifine/xdelta/DeltaException.class
Same: optifine/xdelta/DiffWriter.class
Same: optifine/xdelta/EratosthenesPrimes.class
Same: optifine/xdelta/GDiffPatcher.class
Same: optifine/xdelta/GDiffWriter.class
Same: optifine/xdelta/PatchException.class
Same: optifine/xdelta/RandomAccessFileSeekableSource.class
Same: optifine/xdelta/SeekableSource.class
Same: optifine/xdelta/SeekableSourceInputStream.class
Same: optifine/xdelta/SimplePrime.class
Same: optifine/ZipResourceProvider.class
Mod: ps$a.class
Mod: ps.class
Mod: pz$a.class
Mod: pz.class
Same: assets/minecraft/mcpatcher/ctm/default/0_glass_white/glass_pane_white.properties
Same: assets/minecraft/mcpatcher/ctm/default/0_glass_white/glass_white.properties
Same: assets/minecraft/mcpatcher/ctm/default/10_glass_purple/glass_pane_purple.properties
Same: assets/minecraft/mcpatcher/ctm/default/10_glass_purple/glass_purple.properties
Same: assets/minecraft/mcpatcher/ctm/default/11_glass_blue/glass_blue.properties
Same: assets/minecraft/mcpatcher/ctm/default/11_glass_blue/glass_pane_blue.properties
Same: assets/minecraft/mcpatcher/ctm/default/12_glass_brown/glass_brown.properties
Same: assets/minecraft/mcpatcher/ctm/default/12_glass_brown/glass_pane_brown.properties
Same: assets/minecraft/mcpatcher/ctm/default/13_glass_green/glass_green.properties
Same: assets/minecraft/mcpatcher/ctm/default/13_glass_green/glass_pane_green.properties
Same: assets/minecraft/mcpatcher/ctm/default/14_glass_red/glass_pane_red.properties
Same: assets/minecraft/mcpatcher/ctm/default/14_glass_red/glass_red.properties
Same: assets/minecraft/mcpatcher/ctm/default/15_glass_black/glass_black.properties
Same: assets/minecraft/mcpatcher/ctm/default/15_glass_black/glass_pane_black.properties
Same: assets/minecraft/mcpatcher/ctm/default/1_glass_orange/glass_orange.properties
Same: assets/minecraft/mcpatcher/ctm/default/1_glass_orange/glass_pane_orange.properties
Same: assets/minecraft/mcpatcher/ctm/default/2_glass_magenta/glass_magenta.properties
Same: assets/minecraft/mcpatcher/ctm/default/2_glass_magenta/glass_pane_magenta.properties
Same: assets/minecraft/mcpatcher/ctm/default/3_glass_light_blue/glass_light_blue.properties
Same: assets/minecraft/mcpatcher/ctm/default/3_glass_light_blue/glass_pane_light_blue.properties
Same: assets/minecraft/mcpatcher/ctm/default/4_glass_yellow/glass_pane_yellow.properties
Same: assets/minecraft/mcpatcher/ctm/default/4_glass_yellow/glass_yellow.properties
Same: assets/minecraft/mcpatcher/ctm/default/5_glass_lime/glass_lime.properties
Same: assets/minecraft/mcpatcher/ctm/default/5_glass_lime/glass_pane_lime.properties
Same: assets/minecraft/mcpatcher/ctm/default/6_glass_pink/glass_pane_pink.properties
Same: assets/minecraft/mcpatcher/ctm/default/6_glass_pink/glass_pink.properties
Same: assets/minecraft/mcpatcher/ctm/default/7_glass_gray/glass_gray.properties
Same: assets/minecraft/mcpatcher/ctm/default/7_glass_gray/glass_pane_gray.properties
Same: assets/minecraft/mcpatcher/ctm/default/8_glass_silver/glass_pane_silver.properties
Same: assets/minecraft/mcpatcher/ctm/default/8_glass_silver/glass_silver.properties
Same: assets/minecraft/mcpatcher/ctm/default/9_glass_cyan/glass_cyan.properties
Same: assets/minecraft/mcpatcher/ctm/default/9_glass_cyan/glass_pane_cyan.properties
Same: assets/minecraft/mcpatcher/ctm/default/bookshelf.properties
Same: assets/minecraft/mcpatcher/ctm/default/glass.properties
Same: assets/minecraft/mcpatcher/ctm/default/glasspane.properties
Same: assets/minecraft/mcpatcher/ctm/default/sandstone.properties
Same: assets/minecraft/optifine/bettergrass.properties
Same: assets/minecraft/optifine/natural.properties
Same: doc/background.properties
Same: doc/block.properties
Same: doc/cit.properties
Same: doc/cit_single.properties
Same: doc/color.properties
Same: doc/colormap.properties
Same: doc/ctm.properties
Same: doc/custom_guis.properties
Same: doc/dynamic_lights.properties
Same: doc/emissive.properties
Same: doc/loading.properties
Same: doc/random_entities.properties
Same: doc/shaders.properties
Same: doc/sky.properties
Same: patch.cfg
Mod: assets/minecraft/mcpatcher/ctm/default/0.png
Mod: assets/minecraft/mcpatcher/ctm/default/0_glass_white/0.png
Mod: assets/minecraft/mcpatcher/ctm/default/0_glass_white/1.png
Mod: assets/minecraft/mcpatcher/ctm/default/0_glass_white/10.png
Mod: assets/minecraft/mcpatcher/ctm/default/0_glass_white/11.png
Mod: assets/minecraft/mcpatcher/ctm/default/0_glass_white/16.png
Mod: assets/minecraft/mcpatcher/ctm/default/0_glass_white/17.png
Mod: assets/minecraft/mcpatcher/ctm/default/0_glass_white/18.png
Mod: assets/minecraft/mcpatcher/ctm/default/0_glass_white/19.png
Mod: assets/minecraft/mcpatcher/ctm/default/0_glass_white/2.png
Mod: assets/minecraft/mcpatcher/ctm/default/0_glass_white/20.png
Mod: assets/minecraft/mcpatcher/ctm/default/0_glass_white/21.png
Mod: assets/minecraft/mcpatcher/ctm/default/0_glass_white/22.png
Mod: assets/minecraft/mcpatcher/ctm/default/0_glass_white/23.png
Mod: assets/minecraft/mcpatcher/ctm/default/0_glass_white/24.png
Mod: assets/minecraft/mcpatcher/ctm/default/0_glass_white/25.png
Mod: assets/minecraft/mcpatcher/ctm/default/0_glass_white/26.png
Mod: assets/minecraft/mcpatcher/ctm/default/0_glass_white/27.png
Mod: assets/minecraft/mcpatcher/ctm/default/0_glass_white/3.png
Mod: assets/minecraft/mcpatcher/ctm/default/0_glass_white/32.png
Mod: assets/minecraft/mcpatcher/ctm/default/0_glass_white/33.png
Mod: assets/minecraft/mcpatcher/ctm/default/0_glass_white/34.png
Mod: assets/minecraft/mcpatcher/ctm/default/0_glass_white/35.png
Mod: assets/minecraft/mcpatcher/ctm/default/0_glass_white/36.png
Mod: assets/minecraft/mcpatcher/ctm/default/0_glass_white/37.png
Mod: assets/minecraft/mcpatcher/ctm/default/0_glass_white/38.png
Mod: assets/minecraft/mcpatcher/ctm/default/0_glass_white/39.png
Mod: assets/minecraft/mcpatcher/ctm/default/0_glass_white/4.png
Mod: assets/minecraft/mcpatcher/ctm/default/0_glass_white/40.png
Mod: assets/minecraft/mcpatcher/ctm/default/0_glass_white/41.png
Mod: assets/minecraft/mcpatcher/ctm/default/0_glass_white/42.png
Mod: assets/minecraft/mcpatcher/ctm/default/0_glass_white/43.png
Mod: assets/minecraft/mcpatcher/ctm/default/0_glass_white/48.png
Mod: assets/minecraft/mcpatcher/ctm/default/0_glass_white/49.png
Mod: assets/minecraft/mcpatcher/ctm/default/0_glass_white/5.png
Mod: assets/minecraft/mcpatcher/ctm/default/0_glass_white/50.png
Mod: assets/minecraft/mcpatcher/ctm/default/0_glass_white/51.png
Mod: assets/minecraft/mcpatcher/ctm/default/0_glass_white/52.png
Mod: assets/minecraft/mcpatcher/ctm/default/0_glass_white/53.png
Mod: assets/minecraft/mcpatcher/ctm/default/0_glass_white/54.png
Mod: assets/minecraft/mcpatcher/ctm/default/0_glass_white/55.png
Mod: assets/minecraft/mcpatcher/ctm/default/0_glass_white/56.png
Mod: assets/minecraft/mcpatcher/ctm/default/0_glass_white/57.png
Mod: assets/minecraft/mcpatcher/ctm/default/0_glass_white/58.png
Mod: assets/minecraft/mcpatcher/ctm/default/0_glass_white/6.png
Mod: assets/minecraft/mcpatcher/ctm/default/0_glass_white/7.png
Mod: assets/minecraft/mcpatcher/ctm/default/0_glass_white/8.png
Mod: assets/minecraft/mcpatcher/ctm/default/0_glass_white/9.png
Mod: assets/minecraft/mcpatcher/ctm/default/1.png
Mod: assets/minecraft/mcpatcher/ctm/default/10.png
Mod: assets/minecraft/mcpatcher/ctm/default/10_glass_purple/0.png
Mod: assets/minecraft/mcpatcher/ctm/default/10_glass_purple/1.png
Mod: assets/minecraft/mcpatcher/ctm/default/10_glass_purple/10.png
Mod: assets/minecraft/mcpatcher/ctm/default/10_glass_purple/11.png
Mod: assets/minecraft/mcpatcher/ctm/default/10_glass_purple/16.png
Mod: assets/minecraft/mcpatcher/ctm/default/10_glass_purple/17.png
Mod: assets/minecraft/mcpatcher/ctm/default/10_glass_purple/18.png
Mod: assets/minecraft/mcpatcher/ctm/default/10_glass_purple/19.png
Mod: assets/minecraft/mcpatcher/ctm/default/10_glass_purple/2.png
Mod: assets/minecraft/mcpatcher/ctm/default/10_glass_purple/20.png
Mod: assets/minecraft/mcpatcher/ctm/default/10_glass_purple/21.png
Mod: assets/minecraft/mcpatcher/ctm/default/10_glass_purple/22.png
Mod: assets/minecraft/mcpatcher/ctm/default/10_glass_purple/23.png
Mod: assets/minecraft/mcpatcher/ctm/default/10_glass_purple/24.png
Mod: assets/minecraft/mcpatcher/ctm/default/10_glass_purple/25.png
Mod: assets/minecraft/mcpatcher/ctm/default/10_glass_purple/26.png
Mod: assets/minecraft/mcpatcher/ctm/default/10_glass_purple/27.png
Mod: assets/minecraft/mcpatcher/ctm/default/10_glass_purple/3.png
Mod: assets/minecraft/mcpatcher/ctm/default/10_glass_purple/32.png
Mod: assets/minecraft/mcpatcher/ctm/default/10_glass_purple/33.png
Mod: assets/minecraft/mcpatcher/ctm/default/10_glass_purple/34.png
Mod: assets/minecraft/mcpatcher/ctm/default/10_glass_purple/35.png
Mod: assets/minecraft/mcpatcher/ctm/default/10_glass_purple/36.png
Mod: assets/minecraft/mcpatcher/ctm/default/10_glass_purple/37.png
Mod: assets/minecraft/mcpatcher/ctm/default/10_glass_purple/38.png
Mod: assets/minecraft/mcpatcher/ctm/default/10_glass_purple/39.png
Mod: assets/minecraft/mcpatcher/ctm/default/10_glass_purple/4.png
Mod: assets/minecraft/mcpatcher/ctm/default/10_glass_purple/40.png
Mod: assets/minecraft/mcpatcher/ctm/default/10_glass_purple/41.png
Mod: assets/minecraft/mcpatcher/ctm/default/10_glass_purple/42.png
Mod: assets/minecraft/mcpatcher/ctm/default/10_glass_purple/43.png
Mod: assets/minecraft/mcpatcher/ctm/default/10_glass_purple/48.png
Mod: assets/minecraft/mcpatcher/ctm/default/10_glass_purple/49.png
Mod: assets/minecraft/mcpatcher/ctm/default/10_glass_purple/5.png
Mod: assets/minecraft/mcpatcher/ctm/default/10_glass_purple/50.png
Mod: assets/minecraft/mcpatcher/ctm/default/10_glass_purple/51.png
Mod: assets/minecraft/mcpatcher/ctm/default/10_glass_purple/52.png
Mod: assets/minecraft/mcpatcher/ctm/default/10_glass_purple/53.png
Mod: assets/minecraft/mcpatcher/ctm/default/10_glass_purple/54.png
Mod: assets/minecraft/mcpatcher/ctm/default/10_glass_purple/55.png
Mod: assets/minecraft/mcpatcher/ctm/default/10_glass_purple/56.png
Mod: assets/minecraft/mcpatcher/ctm/default/10_glass_purple/57.png
Mod: assets/minecraft/mcpatcher/ctm/default/10_glass_purple/58.png
Mod: assets/minecraft/mcpatcher/ctm/default/10_glass_purple/6.png
Mod: assets/minecraft/mcpatcher/ctm/default/10_glass_purple/7.png
Mod: assets/minecraft/mcpatcher/ctm/default/10_glass_purple/8.png
Mod: assets/minecraft/mcpatcher/ctm/default/10_glass_purple/9.png
Mod: assets/minecraft/mcpatcher/ctm/default/11.png
Mod: assets/minecraft/mcpatcher/ctm/default/11_glass_blue/0.png
Mod: assets/minecraft/mcpatcher/ctm/default/11_glass_blue/1.png
Mod: assets/minecraft/mcpatcher/ctm/default/11_glass_blue/10.png
Mod: assets/minecraft/mcpatcher/ctm/default/11_glass_blue/11.png
Mod: assets/minecraft/mcpatcher/ctm/default/11_glass_blue/16.png
Mod: assets/minecraft/mcpatcher/ctm/default/11_glass_blue/17.png
Mod: assets/minecraft/mcpatcher/ctm/default/11_glass_blue/18.png
Mod: assets/minecraft/mcpatcher/ctm/default/11_glass_blue/19.png
Mod: assets/minecraft/mcpatcher/ctm/default/11_glass_blue/2.png
Mod: assets/minecraft/mcpatcher/ctm/default/11_glass_blue/20.png
Mod: assets/minecraft/mcpatcher/ctm/default/11_glass_blue/21.png
Mod: assets/minecraft/mcpatcher/ctm/default/11_glass_blue/22.png
Mod: assets/minecraft/mcpatcher/ctm/default/11_glass_blue/23.png
Mod: assets/minecraft/mcpatcher/ctm/default/11_glass_blue/24.png
Mod: assets/minecraft/mcpatcher/ctm/default/11_glass_blue/25.png
Mod: assets/minecraft/mcpatcher/ctm/default/11_glass_blue/26.png
Mod: assets/minecraft/mcpatcher/ctm/default/11_glass_blue/27.png
Mod: assets/minecraft/mcpatcher/ctm/default/11_glass_blue/3.png
Mod: assets/minecraft/mcpatcher/ctm/default/11_glass_blue/32.png
Mod: assets/minecraft/mcpatcher/ctm/default/11_glass_blue/33.png
Mod: assets/minecraft/mcpatcher/ctm/default/11_glass_blue/34.png
Mod: assets/minecraft/mcpatcher/ctm/default/11_glass_blue/35.png
Mod: assets/minecraft/mcpatcher/ctm/default/11_glass_blue/36.png
Mod: assets/minecraft/mcpatcher/ctm/default/11_glass_blue/37.png
Mod: assets/minecraft/mcpatcher/ctm/default/11_glass_blue/38.png
Mod: assets/minecraft/mcpatcher/ctm/default/11_glass_blue/39.png
Mod: assets/minecraft/mcpatcher/ctm/default/11_glass_blue/4.png
Mod: assets/minecraft/mcpatcher/ctm/default/11_glass_blue/40.png
Mod: assets/minecraft/mcpatcher/ctm/default/11_glass_blue/41.png
Mod: assets/minecraft/mcpatcher/ctm/default/11_glass_blue/42.png
Mod: assets/minecraft/mcpatcher/ctm/default/11_glass_blue/43.png
Mod: assets/minecraft/mcpatcher/ctm/default/11_glass_blue/48.png
Mod: assets/minecraft/mcpatcher/ctm/default/11_glass_blue/49.png
Mod: assets/minecraft/mcpatcher/ctm/default/11_glass_blue/5.png
Mod: assets/minecraft/mcpatcher/ctm/default/11_glass_blue/50.png
Mod: assets/minecraft/mcpatcher/ctm/default/11_glass_blue/51.png
Mod: assets/minecraft/mcpatcher/ctm/default/11_glass_blue/52.png
Mod: assets/minecraft/mcpatcher/ctm/default/11_glass_blue/53.png
Mod: assets/minecraft/mcpatcher/ctm/default/11_glass_blue/54.png
Mod: assets/minecraft/mcpatcher/ctm/default/11_glass_blue/55.png
Mod: assets/minecraft/mcpatcher/ctm/default/11_glass_blue/56.png
Mod: assets/minecraft/mcpatcher/ctm/default/11_glass_blue/57.png
Mod: assets/minecraft/mcpatcher/ctm/default/11_glass_blue/58.png
Mod: assets/minecraft/mcpatcher/ctm/default/11_glass_blue/6.png
Mod: assets/minecraft/mcpatcher/ctm/default/11_glass_blue/7.png
Mod: assets/minecraft/mcpatcher/ctm/default/11_glass_blue/8.png
Mod: assets/minecraft/mcpatcher/ctm/default/11_glass_blue/9.png
Mod: assets/minecraft/mcpatcher/ctm/default/12.png
Mod: assets/minecraft/mcpatcher/ctm/default/12_glass_brown/0.png
Mod: assets/minecraft/mcpatcher/ctm/default/12_glass_brown/1.png
Mod: assets/minecraft/mcpatcher/ctm/default/12_glass_brown/10.png
Mod: assets/minecraft/mcpatcher/ctm/default/12_glass_brown/11.png
Mod: assets/minecraft/mcpatcher/ctm/default/12_glass_brown/16.png
Mod: assets/minecraft/mcpatcher/ctm/default/12_glass_brown/17.png
Mod: assets/minecraft/mcpatcher/ctm/default/12_glass_brown/18.png
Mod: assets/minecraft/mcpatcher/ctm/default/12_glass_brown/19.png
Mod: assets/minecraft/mcpatcher/ctm/default/12_glass_brown/2.png
Mod: assets/minecraft/mcpatcher/ctm/default/12_glass_brown/20.png
Mod: assets/minecraft/mcpatcher/ctm/default/12_glass_brown/21.png
Mod: assets/minecraft/mcpatcher/ctm/default/12_glass_brown/22.png
Mod: assets/minecraft/mcpatcher/ctm/default/12_glass_brown/23.png
Mod: assets/minecraft/mcpatcher/ctm/default/12_glass_brown/24.png
Mod: assets/minecraft/mcpatcher/ctm/default/12_glass_brown/25.png
Mod: assets/minecraft/mcpatcher/ctm/default/12_glass_brown/26.png
Mod: assets/minecraft/mcpatcher/ctm/default/12_glass_brown/27.png
Mod: assets/minecraft/mcpatcher/ctm/default/12_glass_brown/3.png
Mod: assets/minecraft/mcpatcher/ctm/default/12_glass_brown/32.png
Mod: assets/minecraft/mcpatcher/ctm/default/12_glass_brown/33.png
Mod: assets/minecraft/mcpatcher/ctm/default/12_glass_brown/34.png
Mod: assets/minecraft/mcpatcher/ctm/default/12_glass_brown/35.png
Mod: assets/minecraft/mcpatcher/ctm/default/12_glass_brown/36.png
Mod: assets/minecraft/mcpatcher/ctm/default/12_glass_brown/37.png
Mod: assets/minecraft/mcpatcher/ctm/default/12_glass_brown/38.png
Mod: assets/minecraft/mcpatcher/ctm/default/12_glass_brown/39.png
Mod: assets/minecraft/mcpatcher/ctm/default/12_glass_brown/4.png
Mod: assets/minecraft/mcpatcher/ctm/default/12_glass_brown/40.png
Mod: assets/minecraft/mcpatcher/ctm/default/12_glass_brown/41.png
Mod: assets/minecraft/mcpatcher/ctm/default/12_glass_brown/42.png
Mod: assets/minecraft/mcpatcher/ctm/default/12_glass_brown/43.png
Mod: assets/minecraft/mcpatcher/ctm/default/12_glass_brown/48.png
Mod: assets/minecraft/mcpatcher/ctm/default/12_glass_brown/49.png
Mod: assets/minecraft/mcpatcher/ctm/default/12_glass_brown/5.png
Mod: assets/minecraft/mcpatcher/ctm/default/12_glass_brown/50.png
Mod: assets/minecraft/mcpatcher/ctm/default/12_glass_brown/51.png
Mod: assets/minecraft/mcpatcher/ctm/default/12_glass_brown/52.png
Mod: assets/minecraft/mcpatcher/ctm/default/12_glass_brown/53.png
Mod: assets/minecraft/mcpatcher/ctm/default/12_glass_brown/54.png
Mod: assets/minecraft/mcpatcher/ctm/default/12_glass_brown/55.png
Mod: assets/minecraft/mcpatcher/ctm/default/12_glass_brown/56.png
Mod: assets/minecraft/mcpatcher/ctm/default/12_glass_brown/57.png
Mod: assets/minecraft/mcpatcher/ctm/default/12_glass_brown/58.png
Mod: assets/minecraft/mcpatcher/ctm/default/12_glass_brown/6.png
Mod: assets/minecraft/mcpatcher/ctm/default/12_glass_brown/7.png
Mod: assets/minecraft/mcpatcher/ctm/default/12_glass_brown/8.png
Mod: assets/minecraft/mcpatcher/ctm/default/12_glass_brown/9.png
Mod: assets/minecraft/mcpatcher/ctm/default/13.png
Mod: assets/minecraft/mcpatcher/ctm/default/13_glass_green/0.png
Mod: assets/minecraft/mcpatcher/ctm/default/13_glass_green/1.png
Mod: assets/minecraft/mcpatcher/ctm/default/13_glass_green/10.png
Mod: assets/minecraft/mcpatcher/ctm/default/13_glass_green/11.png
Mod: assets/minecraft/mcpatcher/ctm/default/13_glass_green/16.png
Mod: assets/minecraft/mcpatcher/ctm/default/13_glass_green/17.png
Mod: assets/minecraft/mcpatcher/ctm/default/13_glass_green/18.png
Mod: assets/minecraft/mcpatcher/ctm/default/13_glass_green/19.png
Mod: assets/minecraft/mcpatcher/ctm/default/13_glass_green/2.png
Mod: assets/minecraft/mcpatcher/ctm/default/13_glass_green/20.png
Mod: assets/minecraft/mcpatcher/ctm/default/13_glass_green/21.png
Mod: assets/minecraft/mcpatcher/ctm/default/13_glass_green/22.png
Mod: assets/minecraft/mcpatcher/ctm/default/13_glass_green/23.png
Mod: assets/minecraft/mcpatcher/ctm/default/13_glass_green/24.png
Mod: assets/minecraft/mcpatcher/ctm/default/13_glass_green/25.png
Mod: assets/minecraft/mcpatcher/ctm/default/13_glass_green/26.png
Mod: assets/minecraft/mcpatcher/ctm/default/13_glass_green/27.png
Mod: assets/minecraft/mcpatcher/ctm/default/13_glass_green/3.png
Mod: assets/minecraft/mcpatcher/ctm/default/13_glass_green/32.png
Mod: assets/minecraft/mcpatcher/ctm/default/13_glass_green/33.png
Mod: assets/minecraft/mcpatcher/ctm/default/13_glass_green/34.png
Mod: assets/minecraft/mcpatcher/ctm/default/13_glass_green/35.png
Mod: assets/minecraft/mcpatcher/ctm/default/13_glass_green/36.png
Mod: assets/minecraft/mcpatcher/ctm/default/13_glass_green/37.png
Mod: assets/minecraft/mcpatcher/ctm/default/13_glass_green/38.png
Mod: assets/minecraft/mcpatcher/ctm/default/13_glass_green/39.png
Mod: assets/minecraft/mcpatcher/ctm/default/13_glass_green/4.png
Mod: assets/minecraft/mcpatcher/ctm/default/13_glass_green/40.png
Mod: assets/minecraft/mcpatcher/ctm/default/13_glass_green/41.png
Mod: assets/minecraft/mcpatcher/ctm/default/13_glass_green/42.png
Mod: assets/minecraft/mcpatcher/ctm/default/13_glass_green/43.png
Mod: assets/minecraft/mcpatcher/ctm/default/13_glass_green/48.png
Mod: assets/minecraft/mcpatcher/ctm/default/13_glass_green/49.png
Mod: assets/minecraft/mcpatcher/ctm/default/13_glass_green/5.png
Mod: assets/minecraft/mcpatcher/ctm/default/13_glass_green/50.png
Mod: assets/minecraft/mcpatcher/ctm/default/13_glass_green/51.png
Mod: assets/minecraft/mcpatcher/ctm/default/13_glass_green/52.png
Mod: assets/minecraft/mcpatcher/ctm/default/13_glass_green/53.png
Mod: assets/minecraft/mcpatcher/ctm/default/13_glass_green/54.png
Mod: assets/minecraft/mcpatcher/ctm/default/13_glass_green/55.png
Mod: assets/minecraft/mcpatcher/ctm/default/13_glass_green/56.png
Mod: assets/minecraft/mcpatcher/ctm/default/13_glass_green/57.png
Mod: assets/minecraft/mcpatcher/ctm/default/13_glass_green/58.png
Mod: assets/minecraft/mcpatcher/ctm/default/13_glass_green/6.png
Mod: assets/minecraft/mcpatcher/ctm/default/13_glass_green/7.png
Mod: assets/minecraft/mcpatcher/ctm/default/13_glass_green/8.png
Mod: assets/minecraft/mcpatcher/ctm/default/13_glass_green/9.png
Mod: assets/minecraft/mcpatcher/ctm/default/14.png
Mod: assets/minecraft/mcpatcher/ctm/default/14_glass_red/0.png
Mod: assets/minecraft/mcpatcher/ctm/default/14_glass_red/1.png
Mod: assets/minecraft/mcpatcher/ctm/default/14_glass_red/10.png
Mod: assets/minecraft/mcpatcher/ctm/default/14_glass_red/11.png
Mod: assets/minecraft/mcpatcher/ctm/default/14_glass_red/16.png
Mod: assets/minecraft/mcpatcher/ctm/default/14_glass_red/17.png
Mod: assets/minecraft/mcpatcher/ctm/default/14_glass_red/18.png
Mod: assets/minecraft/mcpatcher/ctm/default/14_glass_red/19.png
Mod: assets/minecraft/mcpatcher/ctm/default/14_glass_red/2.png
Mod: assets/minecraft/mcpatcher/ctm/default/14_glass_red/20.png
Mod: assets/minecraft/mcpatcher/ctm/default/14_glass_red/21.png
Mod: assets/minecraft/mcpatcher/ctm/default/14_glass_red/22.png
Mod: assets/minecraft/mcpatcher/ctm/default/14_glass_red/23.png
Mod: assets/minecraft/mcpatcher/ctm/default/14_glass_red/24.png
Mod: assets/minecraft/mcpatcher/ctm/default/14_glass_red/25.png
Mod: assets/minecraft/mcpatcher/ctm/default/14_glass_red/26.png
Mod: assets/minecraft/mcpatcher/ctm/default/14_glass_red/27.png
Mod: assets/minecraft/mcpatcher/ctm/default/14_glass_red/3.png
Mod: assets/minecraft/mcpatcher/ctm/default/14_glass_red/32.png
Mod: assets/minecraft/mcpatcher/ctm/default/14_glass_red/33.png
Mod: assets/minecraft/mcpatcher/ctm/default/14_glass_red/34.png
Mod: assets/minecraft/mcpatcher/ctm/default/14_glass_red/35.png
Mod: assets/minecraft/mcpatcher/ctm/default/14_glass_red/36.png
Mod: assets/minecraft/mcpatcher/ctm/default/14_glass_red/37.png
Mod: assets/minecraft/mcpatcher/ctm/default/14_glass_red/38.png
Mod: assets/minecraft/mcpatcher/ctm/default/14_glass_red/39.png
Mod: assets/minecraft/mcpatcher/ctm/default/14_glass_red/4.png
Mod: assets/minecraft/mcpatcher/ctm/default/14_glass_red/40.png
Mod: assets/minecraft/mcpatcher/ctm/default/14_glass_red/41.png
Mod: assets/minecraft/mcpatcher/ctm/default/14_glass_red/42.png
Mod: assets/minecraft/mcpatcher/ctm/default/14_glass_red/43.png
Mod: assets/minecraft/mcpatcher/ctm/default/14_glass_red/48.png
Mod: assets/minecraft/mcpatcher/ctm/default/14_glass_red/49.png
Mod: assets/minecraft/mcpatcher/ctm/default/14_glass_red/5.png
Mod: assets/minecraft/mcpatcher/ctm/default/14_glass_red/50.png
Mod: assets/minecraft/mcpatcher/ctm/default/14_glass_red/51.png
Mod: assets/minecraft/mcpatcher/ctm/default/14_glass_red/52.png
Mod: assets/minecraft/mcpatcher/ctm/default/14_glass_red/53.png
Mod: assets/minecraft/mcpatcher/ctm/default/14_glass_red/54.png
Mod: assets/minecraft/mcpatcher/ctm/default/14_glass_red/55.png
Mod: assets/minecraft/mcpatcher/ctm/default/14_glass_red/56.png
Mod: assets/minecraft/mcpatcher/ctm/default/14_glass_red/57.png
Mod: assets/minecraft/mcpatcher/ctm/default/14_glass_red/58.png
Mod: assets/minecraft/mcpatcher/ctm/default/14_glass_red/6.png
Mod: assets/minecraft/mcpatcher/ctm/default/14_glass_red/7.png
Mod: assets/minecraft/mcpatcher/ctm/default/14_glass_red/8.png
Mod: assets/minecraft/mcpatcher/ctm/default/14_glass_red/9.png
Mod: assets/minecraft/mcpatcher/ctm/default/15.png
Mod: assets/minecraft/mcpatcher/ctm/default/15_glass_black/0.png
Mod: assets/minecraft/mcpatcher/ctm/default/15_glass_black/1.png
Mod: assets/minecraft/mcpatcher/ctm/default/15_glass_black/10.png
Mod: assets/minecraft/mcpatcher/ctm/default/15_glass_black/11.png
Mod: assets/minecraft/mcpatcher/ctm/default/15_glass_black/16.png
Mod: assets/minecraft/mcpatcher/ctm/default/15_glass_black/17.png
Mod: assets/minecraft/mcpatcher/ctm/default/15_glass_black/18.png
Mod: assets/minecraft/mcpatcher/ctm/default/15_glass_black/19.png
Mod: assets/minecraft/mcpatcher/ctm/default/15_glass_black/2.png
Mod: assets/minecraft/mcpatcher/ctm/default/15_glass_black/20.png
Mod: assets/minecraft/mcpatcher/ctm/default/15_glass_black/21.png
Mod: assets/minecraft/mcpatcher/ctm/default/15_glass_black/22.png
Mod: assets/minecraft/mcpatcher/ctm/default/15_glass_black/23.png
Mod: assets/minecraft/mcpatcher/ctm/default/15_glass_black/24.png
Mod: assets/minecraft/mcpatcher/ctm/default/15_glass_black/25.png
Mod: assets/minecraft/mcpatcher/ctm/default/15_glass_black/26.png
Mod: assets/minecraft/mcpatcher/ctm/default/15_glass_black/27.png
Mod: assets/minecraft/mcpatcher/ctm/default/15_glass_black/3.png
Mod: assets/minecraft/mcpatcher/ctm/default/15_glass_black/32.png
Mod: assets/minecraft/mcpatcher/ctm/default/15_glass_black/33.png
Mod: assets/minecraft/mcpatcher/ctm/default/15_glass_black/34.png
Mod: assets/minecraft/mcpatcher/ctm/default/15_glass_black/35.png
Mod: assets/minecraft/mcpatcher/ctm/default/15_glass_black/36.png
Mod: assets/minecraft/mcpatcher/ctm/default/15_glass_black/37.png
Mod: assets/minecraft/mcpatcher/ctm/default/15_glass_black/38.png
Mod: assets/minecraft/mcpatcher/ctm/default/15_glass_black/39.png
Mod: assets/minecraft/mcpatcher/ctm/default/15_glass_black/4.png
Mod: assets/minecraft/mcpatcher/ctm/default/15_glass_black/40.png
Mod: assets/minecraft/mcpatcher/ctm/default/15_glass_black/41.png
Mod: assets/minecraft/mcpatcher/ctm/default/15_glass_black/42.png
Mod: assets/minecraft/mcpatcher/ctm/default/15_glass_black/43.png
Mod: assets/minecraft/mcpatcher/ctm/default/15_glass_black/48.png
Mod: assets/minecraft/mcpatcher/ctm/default/15_glass_black/49.png
Mod: assets/minecraft/mcpatcher/ctm/default/15_glass_black/5.png
Mod: assets/minecraft/mcpatcher/ctm/default/15_glass_black/50.png
Mod: assets/minecraft/mcpatcher/ctm/default/15_glass_black/51.png
Mod: assets/minecraft/mcpatcher/ctm/default/15_glass_black/52.png
Mod: assets/minecraft/mcpatcher/ctm/default/15_glass_black/53.png
Mod: assets/minecraft/mcpatcher/ctm/default/15_glass_black/54.png
Mod: assets/minecraft/mcpatcher/ctm/default/15_glass_black/55.png
Mod: assets/minecraft/mcpatcher/ctm/default/15_glass_black/56.png
Mod: assets/minecraft/mcpatcher/ctm/default/15_glass_black/57.png
Mod: assets/minecraft/mcpatcher/ctm/default/15_glass_black/58.png
Mod: assets/minecraft/mcpatcher/ctm/default/15_glass_black/6.png
Mod: assets/minecraft/mcpatcher/ctm/default/15_glass_black/7.png
Mod: assets/minecraft/mcpatcher/ctm/default/15_glass_black/8.png
Mod: assets/minecraft/mcpatcher/ctm/default/15_glass_black/9.png
Mod: assets/minecraft/mcpatcher/ctm/default/16.png
Mod: assets/minecraft/mcpatcher/ctm/default/17.png
Mod: assets/minecraft/mcpatcher/ctm/default/18.png
Mod: assets/minecraft/mcpatcher/ctm/default/19.png
Mod: assets/minecraft/mcpatcher/ctm/default/1_glass_orange/0.png
Mod: assets/minecraft/mcpatcher/ctm/default/1_glass_orange/1.png
Mod: assets/minecraft/mcpatcher/ctm/default/1_glass_orange/10.png
Mod: assets/minecraft/mcpatcher/ctm/default/1_glass_orange/11.png
Mod: assets/minecraft/mcpatcher/ctm/default/1_glass_orange/16.png
Mod: assets/minecraft/mcpatcher/ctm/default/1_glass_orange/17.png
Mod: assets/minecraft/mcpatcher/ctm/default/1_glass_orange/18.png
Mod: assets/minecraft/mcpatcher/ctm/default/1_glass_orange/19.png
Mod: assets/minecraft/mcpatcher/ctm/default/1_glass_orange/2.png
Mod: assets/minecraft/mcpatcher/ctm/default/1_glass_orange/20.png
Mod: assets/minecraft/mcpatcher/ctm/default/1_glass_orange/21.png
Mod: assets/minecraft/mcpatcher/ctm/default/1_glass_orange/22.png
Mod: assets/minecraft/mcpatcher/ctm/default/1_glass_orange/23.png
Mod: assets/minecraft/mcpatcher/ctm/default/1_glass_orange/24.png
Mod: assets/minecraft/mcpatcher/ctm/default/1_glass_orange/25.png
Mod: assets/minecraft/mcpatcher/ctm/default/1_glass_orange/26.png
Mod: assets/minecraft/mcpatcher/ctm/default/1_glass_orange/27.png
Mod: assets/minecraft/mcpatcher/ctm/default/1_glass_orange/3.png
Mod: assets/minecraft/mcpatcher/ctm/default/1_glass_orange/32.png
Mod: assets/minecraft/mcpatcher/ctm/default/1_glass_orange/33.png
Mod: assets/minecraft/mcpatcher/ctm/default/1_glass_orange/34.png
Mod: assets/minecraft/mcpatcher/ctm/default/1_glass_orange/35.png
Mod: assets/minecraft/mcpatcher/ctm/default/1_glass_orange/36.png
Mod: assets/minecraft/mcpatcher/ctm/default/1_glass_orange/37.png
Mod: assets/minecraft/mcpatcher/ctm/default/1_glass_orange/38.png
Mod: assets/minecraft/mcpatcher/ctm/default/1_glass_orange/39.png
Mod: assets/minecraft/mcpatcher/ctm/default/1_glass_orange/4.png
Mod: assets/minecraft/mcpatcher/ctm/default/1_glass_orange/40.png
Mod: assets/minecraft/mcpatcher/ctm/default/1_glass_orange/41.png
Mod: assets/minecraft/mcpatcher/ctm/default/1_glass_orange/42.png
Mod: assets/minecraft/mcpatcher/ctm/default/1_glass_orange/43.png
Mod: assets/minecraft/mcpatcher/ctm/default/1_glass_orange/48.png
Mod: assets/minecraft/mcpatcher/ctm/default/1_glass_orange/49.png
Mod: assets/minecraft/mcpatcher/ctm/default/1_glass_orange/5.png
Mod: assets/minecraft/mcpatcher/ctm/default/1_glass_orange/50.png
Mod: assets/minecraft/mcpatcher/ctm/default/1_glass_orange/51.png
Mod: assets/minecraft/mcpatcher/ctm/default/1_glass_orange/52.png
Mod: assets/minecraft/mcpatcher/ctm/default/1_glass_orange/53.png
Mod: assets/minecraft/mcpatcher/ctm/default/1_glass_orange/54.png
Mod: assets/minecraft/mcpatcher/ctm/default/1_glass_orange/55.png
Mod: assets/minecraft/mcpatcher/ctm/default/1_glass_orange/56.png
Mod: assets/minecraft/mcpatcher/ctm/default/1_glass_orange/57.png
Mod: assets/minecraft/mcpatcher/ctm/default/1_glass_orange/58.png
Mod: assets/minecraft/mcpatcher/ctm/default/1_glass_orange/6.png
Mod: assets/minecraft/mcpatcher/ctm/default/1_glass_orange/7.png
Mod: assets/minecraft/mcpatcher/ctm/default/1_glass_orange/8.png
Mod: assets/minecraft/mcpatcher/ctm/default/1_glass_orange/9.png
Mod: assets/minecraft/mcpatcher/ctm/default/2.png
Mod: assets/minecraft/mcpatcher/ctm/default/20.png
Mod: assets/minecraft/mcpatcher/ctm/default/21.png
Mod: assets/minecraft/mcpatcher/ctm/default/22.png
Mod: assets/minecraft/mcpatcher/ctm/default/23.png
Mod: assets/minecraft/mcpatcher/ctm/default/24.png
Mod: assets/minecraft/mcpatcher/ctm/default/25.png
Mod: assets/minecraft/mcpatcher/ctm/default/26.png
Mod: assets/minecraft/mcpatcher/ctm/default/27.png
Mod: assets/minecraft/mcpatcher/ctm/default/2_glass_magenta/0.png
Mod: assets/minecraft/mcpatcher/ctm/default/2_glass_magenta/1.png
Mod: assets/minecraft/mcpatcher/ctm/default/2_glass_magenta/10.png
Mod: assets/minecraft/mcpatcher/ctm/default/2_glass_magenta/11.png
Mod: assets/minecraft/mcpatcher/ctm/default/2_glass_magenta/16.png
Mod: assets/minecraft/mcpatcher/ctm/default/2_glass_magenta/17.png
Mod: assets/minecraft/mcpatcher/ctm/default/2_glass_magenta/18.png
Mod: assets/minecraft/mcpatcher/ctm/default/2_glass_magenta/19.png
Mod: assets/minecraft/mcpatcher/ctm/default/2_glass_magenta/2.png
Mod: assets/minecraft/mcpatcher/ctm/default/2_glass_magenta/20.png
Mod: assets/minecraft/mcpatcher/ctm/default/2_glass_magenta/21.png
Mod: assets/minecraft/mcpatcher/ctm/default/2_glass_magenta/22.png
Mod: assets/minecraft/mcpatcher/ctm/default/2_glass_magenta/23.png
Mod: assets/minecraft/mcpatcher/ctm/default/2_glass_magenta/24.png
Mod: assets/minecraft/mcpatcher/ctm/default/2_glass_magenta/25.png
Mod: assets/minecraft/mcpatcher/ctm/default/2_glass_magenta/26.png
Mod: assets/minecraft/mcpatcher/ctm/default/2_glass_magenta/27.png
Mod: assets/minecraft/mcpatcher/ctm/default/2_glass_magenta/3.png
Mod: assets/minecraft/mcpatcher/ctm/default/2_glass_magenta/32.png
Mod: assets/minecraft/mcpatcher/ctm/default/2_glass_magenta/33.png
Mod: assets/minecraft/mcpatcher/ctm/default/2_glass_magenta/34.png
Mod: assets/minecraft/mcpatcher/ctm/default/2_glass_magenta/35.png
Mod: assets/minecraft/mcpatcher/ctm/default/2_glass_magenta/36.png
Mod: assets/minecraft/mcpatcher/ctm/default/2_glass_magenta/37.png
Mod: assets/minecraft/mcpatcher/ctm/default/2_glass_magenta/38.png
Mod: assets/minecraft/mcpatcher/ctm/default/2_glass_magenta/39.png
Mod: assets/minecraft/mcpatcher/ctm/default/2_glass_magenta/4.png
Mod: assets/minecraft/mcpatcher/ctm/default/2_glass_magenta/40.png
Mod: assets/minecraft/mcpatcher/ctm/default/2_glass_magenta/41.png
Mod: assets/minecraft/mcpatcher/ctm/default/2_glass_magenta/42.png
Mod: assets/minecraft/mcpatcher/ctm/default/2_glass_magenta/43.png
Mod: assets/minecraft/mcpatcher/ctm/default/2_glass_magenta/48.png
Mod: assets/minecraft/mcpatcher/ctm/default/2_glass_magenta/49.png
Mod: assets/minecraft/mcpatcher/ctm/default/2_glass_magenta/5.png
Mod: assets/minecraft/mcpatcher/ctm/default/2_glass_magenta/50.png
Mod: assets/minecraft/mcpatcher/ctm/default/2_glass_magenta/51.png
Mod: assets/minecraft/mcpatcher/ctm/default/2_glass_magenta/52.png
Mod: assets/minecraft/mcpatcher/ctm/default/2_glass_magenta/53.png
Mod: assets/minecraft/mcpatcher/ctm/default/2_glass_magenta/54.png
Mod: assets/minecraft/mcpatcher/ctm/default/2_glass_magenta/55.png
Mod: assets/minecraft/mcpatcher/ctm/default/2_glass_magenta/56.png
Mod: assets/minecraft/mcpatcher/ctm/default/2_glass_magenta/57.png
Mod: assets/minecraft/mcpatcher/ctm/default/2_glass_magenta/58.png
Mod: assets/minecraft/mcpatcher/ctm/default/2_glass_magenta/6.png
Mod: assets/minecraft/mcpatcher/ctm/default/2_glass_magenta/7.png
Mod: assets/minecraft/mcpatcher/ctm/default/2_glass_magenta/8.png
Mod: assets/minecraft/mcpatcher/ctm/default/2_glass_magenta/9.png
Mod: assets/minecraft/mcpatcher/ctm/default/3.png
Mod: assets/minecraft/mcpatcher/ctm/default/32.png
Mod: assets/minecraft/mcpatcher/ctm/default/33.png
Mod: assets/minecraft/mcpatcher/ctm/default/34.png
Mod: assets/minecraft/mcpatcher/ctm/default/35.png
Mod: assets/minecraft/mcpatcher/ctm/default/36.png
Mod: assets/minecraft/mcpatcher/ctm/default/37.png
Mod: assets/minecraft/mcpatcher/ctm/default/38.png
Mod: assets/minecraft/mcpatcher/ctm/default/39.png
Mod: assets/minecraft/mcpatcher/ctm/default/3_glass_light_blue/0.png
Mod: assets/minecraft/mcpatcher/ctm/default/3_glass_light_blue/1.png
Mod: assets/minecraft/mcpatcher/ctm/default/3_glass_light_blue/10.png
Mod: assets/minecraft/mcpatcher/ctm/default/3_glass_light_blue/11.png
Mod: assets/minecraft/mcpatcher/ctm/default/3_glass_light_blue/16.png
Mod: assets/minecraft/mcpatcher/ctm/default/3_glass_light_blue/17.png
Mod: assets/minecraft/mcpatcher/ctm/default/3_glass_light_blue/18.png
Mod: assets/minecraft/mcpatcher/ctm/default/3_glass_light_blue/19.png
Mod: assets/minecraft/mcpatcher/ctm/default/3_glass_light_blue/2.png
Mod: assets/minecraft/mcpatcher/ctm/default/3_glass_light_blue/20.png
Mod: assets/minecraft/mcpatcher/ctm/default/3_glass_light_blue/21.png
Mod: assets/minecraft/mcpatcher/ctm/default/3_glass_light_blue/22.png
Mod: assets/minecraft/mcpatcher/ctm/default/3_glass_light_blue/23.png
Mod: assets/minecraft/mcpatcher/ctm/default/3_glass_light_blue/24.png
Mod: assets/minecraft/mcpatcher/ctm/default/3_glass_light_blue/25.png
Mod: assets/minecraft/mcpatcher/ctm/default/3_glass_light_blue/26.png
Mod: assets/minecraft/mcpatcher/ctm/default/3_glass_light_blue/27.png
Mod: assets/minecraft/mcpatcher/ctm/default/3_glass_light_blue/3.png
Mod: assets/minecraft/mcpatcher/ctm/default/3_glass_light_blue/32.png
Mod: assets/minecraft/mcpatcher/ctm/default/3_glass_light_blue/33.png
Mod: assets/minecraft/mcpatcher/ctm/default/3_glass_light_blue/34.png
Mod: assets/minecraft/mcpatcher/ctm/default/3_glass_light_blue/35.png
Mod: assets/minecraft/mcpatcher/ctm/default/3_glass_light_blue/36.png
Mod: assets/minecraft/mcpatcher/ctm/default/3_glass_light_blue/37.png
Mod: assets/minecraft/mcpatcher/ctm/default/3_glass_light_blue/38.png
Mod: assets/minecraft/mcpatcher/ctm/default/3_glass_light_blue/39.png
Mod: assets/minecraft/mcpatcher/ctm/default/3_glass_light_blue/4.png
Mod: assets/minecraft/mcpatcher/ctm/default/3_glass_light_blue/40.png
Mod: assets/minecraft/mcpatcher/ctm/default/3_glass_light_blue/41.png
Mod: assets/minecraft/mcpatcher/ctm/default/3_glass_light_blue/42.png
Mod: assets/minecraft/mcpatcher/ctm/default/3_glass_light_blue/43.png
Mod: assets/minecraft/mcpatcher/ctm/default/3_glass_light_blue/48.png
Mod: assets/minecraft/mcpatcher/ctm/default/3_glass_light_blue/49.png
Mod: assets/minecraft/mcpatcher/ctm/default/3_glass_light_blue/5.png
Mod: assets/minecraft/mcpatcher/ctm/default/3_glass_light_blue/50.png
Mod: assets/minecraft/mcpatcher/ctm/default/3_glass_light_blue/51.png
Mod: assets/minecraft/mcpatcher/ctm/default/3_glass_light_blue/52.png
Mod: assets/minecraft/mcpatcher/ctm/default/3_glass_light_blue/53.png
Mod: assets/minecraft/mcpatcher/ctm/default/3_glass_light_blue/54.png
Mod: assets/minecraft/mcpatcher/ctm/default/3_glass_light_blue/55.png
Mod: assets/minecraft/mcpatcher/ctm/default/3_glass_light_blue/56.png
Mod: assets/minecraft/mcpatcher/ctm/default/3_glass_light_blue/57.png
Mod: assets/minecraft/mcpatcher/ctm/default/3_glass_light_blue/58.png
Mod: assets/minecraft/mcpatcher/ctm/default/3_glass_light_blue/6.png
Mod: assets/minecraft/mcpatcher/ctm/default/3_glass_light_blue/7.png
Mod: assets/minecraft/mcpatcher/ctm/default/3_glass_light_blue/8.png
Mod: assets/minecraft/mcpatcher/ctm/default/3_glass_light_blue/9.png
Mod: assets/minecraft/mcpatcher/ctm/default/4.png
Mod: assets/minecraft/mcpatcher/ctm/default/40.png
Mod: assets/minecraft/mcpatcher/ctm/default/41.png
Mod: assets/minecraft/mcpatcher/ctm/default/42.png
Mod: assets/minecraft/mcpatcher/ctm/default/43.png
Mod: assets/minecraft/mcpatcher/ctm/default/48.png
Mod: assets/minecraft/mcpatcher/ctm/default/49.png
Mod: assets/minecraft/mcpatcher/ctm/default/4_glass_yellow/0.png
Mod: assets/minecraft/mcpatcher/ctm/default/4_glass_yellow/1.png
Mod: assets/minecraft/mcpatcher/ctm/default/4_glass_yellow/10.png
Mod: assets/minecraft/mcpatcher/ctm/default/4_glass_yellow/11.png
Mod: assets/minecraft/mcpatcher/ctm/default/4_glass_yellow/16.png
Mod: assets/minecraft/mcpatcher/ctm/default/4_glass_yellow/17.png
Mod: assets/minecraft/mcpatcher/ctm/default/4_glass_yellow/18.png
Mod: assets/minecraft/mcpatcher/ctm/default/4_glass_yellow/19.png
Mod: assets/minecraft/mcpatcher/ctm/default/4_glass_yellow/2.png
Mod: assets/minecraft/mcpatcher/ctm/default/4_glass_yellow/20.png
Mod: assets/minecraft/mcpatcher/ctm/default/4_glass_yellow/21.png
Mod: assets/minecraft/mcpatcher/ctm/default/4_glass_yellow/22.png
Mod: assets/minecraft/mcpatcher/ctm/default/4_glass_yellow/23.png
Mod: assets/minecraft/mcpatcher/ctm/default/4_glass_yellow/24.png
Mod: assets/minecraft/mcpatcher/ctm/default/4_glass_yellow/25.png
Mod: assets/minecraft/mcpatcher/ctm/default/4_glass_yellow/26.png
Mod: assets/minecraft/mcpatcher/ctm/default/4_glass_yellow/27.png
Mod: assets/minecraft/mcpatcher/ctm/default/4_glass_yellow/3.png
Mod: assets/minecraft/mcpatcher/ctm/default/4_glass_yellow/32.png
Mod: assets/minecraft/mcpatcher/ctm/default/4_glass_yellow/33.png
Mod: assets/minecraft/mcpatcher/ctm/default/4_glass_yellow/34.png
Mod: assets/minecraft/mcpatcher/ctm/default/4_glass_yellow/35.png
Mod: assets/minecraft/mcpatcher/ctm/default/4_glass_yellow/36.png
Mod: assets/minecraft/mcpatcher/ctm/default/4_glass_yellow/37.png
Mod: assets/minecraft/mcpatcher/ctm/default/4_glass_yellow/38.png
Mod: assets/minecraft/mcpatcher/ctm/default/4_glass_yellow/39.png
Mod: assets/minecraft/mcpatcher/ctm/default/4_glass_yellow/4.png
Mod: assets/minecraft/mcpatcher/ctm/default/4_glass_yellow/40.png
Mod: assets/minecraft/mcpatcher/ctm/default/4_glass_yellow/41.png
Mod: assets/minecraft/mcpatcher/ctm/default/4_glass_yellow/42.png
Mod: assets/minecraft/mcpatcher/ctm/default/4_glass_yellow/43.png
Mod: assets/minecraft/mcpatcher/ctm/default/4_glass_yellow/48.png
Mod: assets/minecraft/mcpatcher/ctm/default/4_glass_yellow/49.png
Mod: assets/minecraft/mcpatcher/ctm/default/4_glass_yellow/5.png
Mod: assets/minecraft/mcpatcher/ctm/default/4_glass_yellow/50.png
Mod: assets/minecraft/mcpatcher/ctm/default/4_glass_yellow/51.png
Mod: assets/minecraft/mcpatcher/ctm/default/4_glass_yellow/52.png
Mod: assets/minecraft/mcpatcher/ctm/default/4_glass_yellow/53.png
Mod: assets/minecraft/mcpatcher/ctm/default/4_glass_yellow/54.png
Mod: assets/minecraft/mcpatcher/ctm/default/4_glass_yellow/55.png
Mod: assets/minecraft/mcpatcher/ctm/default/4_glass_yellow/56.png
Mod: assets/minecraft/mcpatcher/ctm/default/4_glass_yellow/57.png
Mod: assets/minecraft/mcpatcher/ctm/default/4_glass_yellow/58.png
Mod: assets/minecraft/mcpatcher/ctm/default/4_glass_yellow/6.png
Mod: assets/minecraft/mcpatcher/ctm/default/4_glass_yellow/7.png
Mod: assets/minecraft/mcpatcher/ctm/default/4_glass_yellow/8.png
Mod: assets/minecraft/mcpatcher/ctm/default/4_glass_yellow/9.png
Mod: assets/minecraft/mcpatcher/ctm/default/5.png
Mod: assets/minecraft/mcpatcher/ctm/default/50.png
Mod: assets/minecraft/mcpatcher/ctm/default/51.png
Mod: assets/minecraft/mcpatcher/ctm/default/52.png
Mod: assets/minecraft/mcpatcher/ctm/default/53.png
Mod: assets/minecraft/mcpatcher/ctm/default/54.png
Mod: assets/minecraft/mcpatcher/ctm/default/55.png
Mod: assets/minecraft/mcpatcher/ctm/default/56.png
Mod: assets/minecraft/mcpatcher/ctm/default/57.png
Mod: assets/minecraft/mcpatcher/ctm/default/58.png
Mod: assets/minecraft/mcpatcher/ctm/default/5_glass_lime/0.png
Mod: assets/minecraft/mcpatcher/ctm/default/5_glass_lime/1.png
Mod: assets/minecraft/mcpatcher/ctm/default/5_glass_lime/10.png
Mod: assets/minecraft/mcpatcher/ctm/default/5_glass_lime/11.png
Mod: assets/minecraft/mcpatcher/ctm/default/5_glass_lime/16.png
Mod: assets/minecraft/mcpatcher/ctm/default/5_glass_lime/17.png
Mod: assets/minecraft/mcpatcher/ctm/default/5_glass_lime/18.png
Mod: assets/minecraft/mcpatcher/ctm/default/5_glass_lime/19.png
Mod: assets/minecraft/mcpatcher/ctm/default/5_glass_lime/2.png
Mod: assets/minecraft/mcpatcher/ctm/default/5_glass_lime/20.png
Mod: assets/minecraft/mcpatcher/ctm/default/5_glass_lime/21.png
Mod: assets/minecraft/mcpatcher/ctm/default/5_glass_lime/22.png
Mod: assets/minecraft/mcpatcher/ctm/default/5_glass_lime/23.png
Mod: assets/minecraft/mcpatcher/ctm/default/5_glass_lime/24.png
Mod: assets/minecraft/mcpatcher/ctm/default/5_glass_lime/25.png
Mod: assets/minecraft/mcpatcher/ctm/default/5_glass_lime/26.png
Mod: assets/minecraft/mcpatcher/ctm/default/5_glass_lime/27.png
Mod: assets/minecraft/mcpatcher/ctm/default/5_glass_lime/3.png
Mod: assets/minecraft/mcpatcher/ctm/default/5_glass_lime/32.png
Mod: assets/minecraft/mcpatcher/ctm/default/5_glass_lime/33.png
Mod: assets/minecraft/mcpatcher/ctm/default/5_glass_lime/34.png
Mod: assets/minecraft/mcpatcher/ctm/default/5_glass_lime/35.png
Mod: assets/minecraft/mcpatcher/ctm/default/5_glass_lime/36.png
Mod: assets/minecraft/mcpatcher/ctm/default/5_glass_lime/37.png
Mod: assets/minecraft/mcpatcher/ctm/default/5_glass_lime/38.png
Mod: assets/minecraft/mcpatcher/ctm/default/5_glass_lime/39.png
Mod: assets/minecraft/mcpatcher/ctm/default/5_glass_lime/4.png
Mod: assets/minecraft/mcpatcher/ctm/default/5_glass_lime/40.png
Mod: assets/minecraft/mcpatcher/ctm/default/5_glass_lime/41.png
Mod: assets/minecraft/mcpatcher/ctm/default/5_glass_lime/42.png
Mod: assets/minecraft/mcpatcher/ctm/default/5_glass_lime/43.png
Mod: assets/minecraft/mcpatcher/ctm/default/5_glass_lime/48.png
Mod: assets/minecraft/mcpatcher/ctm/default/5_glass_lime/49.png
Mod: assets/minecraft/mcpatcher/ctm/default/5_glass_lime/5.png
Mod: assets/minecraft/mcpatcher/ctm/default/5_glass_lime/50.png
Mod: assets/minecraft/mcpatcher/ctm/default/5_glass_lime/51.png
Mod: assets/minecraft/mcpatcher/ctm/default/5_glass_lime/52.png
Mod: assets/minecraft/mcpatcher/ctm/default/5_glass_lime/53.png
Mod: assets/minecraft/mcpatcher/ctm/default/5_glass_lime/54.png
Mod: assets/minecraft/mcpatcher/ctm/default/5_glass_lime/55.png
Mod: assets/minecraft/mcpatcher/ctm/default/5_glass_lime/56.png
Mod: assets/minecraft/mcpatcher/ctm/default/5_glass_lime/57.png
Mod: assets/minecraft/mcpatcher/ctm/default/5_glass_lime/58.png
Mod: assets/minecraft/mcpatcher/ctm/default/5_glass_lime/6.png
Mod: assets/minecraft/mcpatcher/ctm/default/5_glass_lime/7.png
Mod: assets/minecraft/mcpatcher/ctm/default/5_glass_lime/8.png
Mod: assets/minecraft/mcpatcher/ctm/default/5_glass_lime/9.png
Mod: assets/minecraft/mcpatcher/ctm/default/6.png
Mod: assets/minecraft/mcpatcher/ctm/default/66.png
Mod: assets/minecraft/mcpatcher/ctm/default/6_glass_pink/0.png
Mod: assets/minecraft/mcpatcher/ctm/default/6_glass_pink/1.png
Mod: assets/minecraft/mcpatcher/ctm/default/6_glass_pink/10.png
Mod: assets/minecraft/mcpatcher/ctm/default/6_glass_pink/11.png
Mod: assets/minecraft/mcpatcher/ctm/default/6_glass_pink/16.png
Mod: assets/minecraft/mcpatcher/ctm/default/6_glass_pink/17.png
Mod: assets/minecraft/mcpatcher/ctm/default/6_glass_pink/18.png
Mod: assets/minecraft/mcpatcher/ctm/default/6_glass_pink/19.png
Mod: assets/minecraft/mcpatcher/ctm/default/6_glass_pink/2.png
Mod: assets/minecraft/mcpatcher/ctm/default/6_glass_pink/20.png
Mod: assets/minecraft/mcpatcher/ctm/default/6_glass_pink/21.png
Mod: assets/minecraft/mcpatcher/ctm/default/6_glass_pink/22.png
Mod: assets/minecraft/mcpatcher/ctm/default/6_glass_pink/23.png
Mod: assets/minecraft/mcpatcher/ctm/default/6_glass_pink/24.png
Mod: assets/minecraft/mcpatcher/ctm/default/6_glass_pink/25.png
Mod: assets/minecraft/mcpatcher/ctm/default/6_glass_pink/26.png
Mod: assets/minecraft/mcpatcher/ctm/default/6_glass_pink/27.png
Mod: assets/minecraft/mcpatcher/ctm/default/6_glass_pink/3.png
Mod: assets/minecraft/mcpatcher/ctm/default/6_glass_pink/32.png
Mod: assets/minecraft/mcpatcher/ctm/default/6_glass_pink/33.png
Mod: assets/minecraft/mcpatcher/ctm/default/6_glass_pink/34.png
Mod: assets/minecraft/mcpatcher/ctm/default/6_glass_pink/35.png
Mod: assets/minecraft/mcpatcher/ctm/default/6_glass_pink/36.png
Mod: assets/minecraft/mcpatcher/ctm/default/6_glass_pink/37.png
Mod: assets/minecraft/mcpatcher/ctm/default/6_glass_pink/38.png
Mod: assets/minecraft/mcpatcher/ctm/default/6_glass_pink/39.png
Mod: assets/minecraft/mcpatcher/ctm/default/6_glass_pink/4.png
Mod: assets/minecraft/mcpatcher/ctm/default/6_glass_pink/40.png
Mod: assets/minecraft/mcpatcher/ctm/default/6_glass_pink/41.png
Mod: assets/minecraft/mcpatcher/ctm/default/6_glass_pink/42.png
Mod: assets/minecraft/mcpatcher/ctm/default/6_glass_pink/43.png
Mod: assets/minecraft/mcpatcher/ctm/default/6_glass_pink/48.png
Mod: assets/minecraft/mcpatcher/ctm/default/6_glass_pink/49.png
Mod: assets/minecraft/mcpatcher/ctm/default/6_glass_pink/5.png
Mod: assets/minecraft/mcpatcher/ctm/default/6_glass_pink/50.png
Mod: assets/minecraft/mcpatcher/ctm/default/6_glass_pink/51.png
Mod: assets/minecraft/mcpatcher/ctm/default/6_glass_pink/52.png
Mod: assets/minecraft/mcpatcher/ctm/default/6_glass_pink/53.png
Mod: assets/minecraft/mcpatcher/ctm/default/6_glass_pink/54.png
Mod: assets/minecraft/mcpatcher/ctm/default/6_glass_pink/55.png
Mod: assets/minecraft/mcpatcher/ctm/default/6_glass_pink/56.png
Mod: assets/minecraft/mcpatcher/ctm/default/6_glass_pink/57.png
Mod: assets/minecraft/mcpatcher/ctm/default/6_glass_pink/58.png
Mod: assets/minecraft/mcpatcher/ctm/default/6_glass_pink/6.png
Mod: assets/minecraft/mcpatcher/ctm/default/6_glass_pink/7.png
Mod: assets/minecraft/mcpatcher/ctm/default/6_glass_pink/8.png
Mod: assets/minecraft/mcpatcher/ctm/default/6_glass_pink/9.png
Mod: assets/minecraft/mcpatcher/ctm/default/7.png
Mod: assets/minecraft/mcpatcher/ctm/default/7_glass_gray/0.png
Mod: assets/minecraft/mcpatcher/ctm/default/7_glass_gray/1.png
Mod: assets/minecraft/mcpatcher/ctm/default/7_glass_gray/10.png
Mod: assets/minecraft/mcpatcher/ctm/default/7_glass_gray/11.png
Mod: assets/minecraft/mcpatcher/ctm/default/7_glass_gray/16.png
Mod: assets/minecraft/mcpatcher/ctm/default/7_glass_gray/17.png
Mod: assets/minecraft/mcpatcher/ctm/default/7_glass_gray/18.png
Mod: assets/minecraft/mcpatcher/ctm/default/7_glass_gray/19.png
Mod: assets/minecraft/mcpatcher/ctm/default/7_glass_gray/2.png
Mod: assets/minecraft/mcpatcher/ctm/default/7_glass_gray/20.png
Mod: assets/minecraft/mcpatcher/ctm/default/7_glass_gray/21.png
Mod: assets/minecraft/mcpatcher/ctm/default/7_glass_gray/22.png
Mod: assets/minecraft/mcpatcher/ctm/default/7_glass_gray/23.png
Mod: assets/minecraft/mcpatcher/ctm/default/7_glass_gray/24.png
Mod: assets/minecraft/mcpatcher/ctm/default/7_glass_gray/25.png
Mod: assets/minecraft/mcpatcher/ctm/default/7_glass_gray/26.png
Mod: assets/minecraft/mcpatcher/ctm/default/7_glass_gray/27.png
Mod: assets/minecraft/mcpatcher/ctm/default/7_glass_gray/3.png
Mod: assets/minecraft/mcpatcher/ctm/default/7_glass_gray/32.png
Mod: assets/minecraft/mcpatcher/ctm/default/7_glass_gray/33.png
Mod: assets/minecraft/mcpatcher/ctm/default/7_glass_gray/34.png
Mod: assets/minecraft/mcpatcher/ctm/default/7_glass_gray/35.png
Mod: assets/minecraft/mcpatcher/ctm/default/7_glass_gray/36.png
Mod: assets/minecraft/mcpatcher/ctm/default/7_glass_gray/37.png
Mod: assets/minecraft/mcpatcher/ctm/default/7_glass_gray/38.png
Mod: assets/minecraft/mcpatcher/ctm/default/7_glass_gray/39.png
Mod: assets/minecraft/mcpatcher/ctm/default/7_glass_gray/4.png
Mod: assets/minecraft/mcpatcher/ctm/default/7_glass_gray/40.png
Mod: assets/minecraft/mcpatcher/ctm/default/7_glass_gray/41.png
Mod: assets/minecraft/mcpatcher/ctm/default/7_glass_gray/42.png
Mod: assets/minecraft/mcpatcher/ctm/default/7_glass_gray/43.png
Mod: assets/minecraft/mcpatcher/ctm/default/7_glass_gray/48.png
Mod: assets/minecraft/mcpatcher/ctm/default/7_glass_gray/49.png
Mod: assets/minecraft/mcpatcher/ctm/default/7_glass_gray/5.png
Mod: assets/minecraft/mcpatcher/ctm/default/7_glass_gray/50.png
Mod: assets/minecraft/mcpatcher/ctm/default/7_glass_gray/51.png
Mod: assets/minecraft/mcpatcher/ctm/default/7_glass_gray/52.png
Mod: assets/minecraft/mcpatcher/ctm/default/7_glass_gray/53.png
Mod: assets/minecraft/mcpatcher/ctm/default/7_glass_gray/54.png
Mod: assets/minecraft/mcpatcher/ctm/default/7_glass_gray/55.png
Mod: assets/minecraft/mcpatcher/ctm/default/7_glass_gray/56.png
Mod: assets/minecraft/mcpatcher/ctm/default/7_glass_gray/57.png
Mod: assets/minecraft/mcpatcher/ctm/default/7_glass_gray/58.png
Mod: assets/minecraft/mcpatcher/ctm/default/7_glass_gray/6.png
Mod: assets/minecraft/mcpatcher/ctm/default/7_glass_gray/7.png
Mod: assets/minecraft/mcpatcher/ctm/default/7_glass_gray/8.png
Mod: assets/minecraft/mcpatcher/ctm/default/7_glass_gray/9.png
Mod: assets/minecraft/mcpatcher/ctm/default/8.png
Mod: assets/minecraft/mcpatcher/ctm/default/8_glass_silver/0.png
Mod: assets/minecraft/mcpatcher/ctm/default/8_glass_silver/1.png
Mod: assets/minecraft/mcpatcher/ctm/default/8_glass_silver/10.png
Mod: assets/minecraft/mcpatcher/ctm/default/8_glass_silver/11.png
Mod: assets/minecraft/mcpatcher/ctm/default/8_glass_silver/16.png
Mod: assets/minecraft/mcpatcher/ctm/default/8_glass_silver/17.png
Mod: assets/minecraft/mcpatcher/ctm/default/8_glass_silver/18.png
Mod: assets/minecraft/mcpatcher/ctm/default/8_glass_silver/19.png
Mod: assets/minecraft/mcpatcher/ctm/default/8_glass_silver/2.png
Mod: assets/minecraft/mcpatcher/ctm/default/8_glass_silver/20.png
Mod: assets/minecraft/mcpatcher/ctm/default/8_glass_silver/21.png
Mod: assets/minecraft/mcpatcher/ctm/default/8_glass_silver/22.png
Mod: assets/minecraft/mcpatcher/ctm/default/8_glass_silver/23.png
Mod: assets/minecraft/mcpatcher/ctm/default/8_glass_silver/24.png
Mod: assets/minecraft/mcpatcher/ctm/default/8_glass_silver/25.png
Mod: assets/minecraft/mcpatcher/ctm/default/8_glass_silver/26.png
Mod: assets/minecraft/mcpatcher/ctm/default/8_glass_silver/27.png
Mod: assets/minecraft/mcpatcher/ctm/default/8_glass_silver/3.png
Mod: assets/minecraft/mcpatcher/ctm/default/8_glass_silver/32.png
Mod: assets/minecraft/mcpatcher/ctm/default/8_glass_silver/33.png
Mod: assets/minecraft/mcpatcher/ctm/default/8_glass_silver/34.png
Mod: assets/minecraft/mcpatcher/ctm/default/8_glass_silver/35.png
Mod: assets/minecraft/mcpatcher/ctm/default/8_glass_silver/36.png
Mod: assets/minecraft/mcpatcher/ctm/default/8_glass_silver/37.png
Mod: assets/minecraft/mcpatcher/ctm/default/8_glass_silver/38.png
Mod: assets/minecraft/mcpatcher/ctm/default/8_glass_silver/39.png
Mod: assets/minecraft/mcpatcher/ctm/default/8_glass_silver/4.png
Mod: assets/minecraft/mcpatcher/ctm/default/8_glass_silver/40.png
Mod: assets/minecraft/mcpatcher/ctm/default/8_glass_silver/41.png
Mod: assets/minecraft/mcpatcher/ctm/default/8_glass_silver/42.png
Mod: assets/minecraft/mcpatcher/ctm/default/8_glass_silver/43.png
Mod: assets/minecraft/mcpatcher/ctm/default/8_glass_silver/48.png
Mod: assets/minecraft/mcpatcher/ctm/default/8_glass_silver/49.png
Mod: assets/minecraft/mcpatcher/ctm/default/8_glass_silver/5.png
Mod: assets/minecraft/mcpatcher/ctm/default/8_glass_silver/50.png
Mod: assets/minecraft/mcpatcher/ctm/default/8_glass_silver/51.png
Mod: assets/minecraft/mcpatcher/ctm/default/8_glass_silver/52.png
Mod: assets/minecraft/mcpatcher/ctm/default/8_glass_silver/53.png
Mod: assets/minecraft/mcpatcher/ctm/default/8_glass_silver/54.png
Mod: assets/minecraft/mcpatcher/ctm/default/8_glass_silver/55.png
Mod: assets/minecraft/mcpatcher/ctm/default/8_glass_silver/56.png
Mod: assets/minecraft/mcpatcher/ctm/default/8_glass_silver/57.png
Mod: assets/minecraft/mcpatcher/ctm/default/8_glass_silver/58.png
Mod: assets/minecraft/mcpatcher/ctm/default/8_glass_silver/6.png
Mod: assets/minecraft/mcpatcher/ctm/default/8_glass_silver/7.png
Mod: assets/minecraft/mcpatcher/ctm/default/8_glass_silver/8.png
Mod: assets/minecraft/mcpatcher/ctm/default/8_glass_silver/9.png
Mod: assets/minecraft/mcpatcher/ctm/default/9.png
Mod: assets/minecraft/mcpatcher/ctm/default/9_glass_cyan/0.png
Mod: assets/minecraft/mcpatcher/ctm/default/9_glass_cyan/1.png
Mod: assets/minecraft/mcpatcher/ctm/default/9_glass_cyan/10.png
Mod: assets/minecraft/mcpatcher/ctm/default/9_glass_cyan/11.png
Mod: assets/minecraft/mcpatcher/ctm/default/9_glass_cyan/16.png
Mod: assets/minecraft/mcpatcher/ctm/default/9_glass_cyan/17.png
Mod: assets/minecraft/mcpatcher/ctm/default/9_glass_cyan/18.png
Mod: assets/minecraft/mcpatcher/ctm/default/9_glass_cyan/19.png
Mod: assets/minecraft/mcpatcher/ctm/default/9_glass_cyan/2.png
Mod: assets/minecraft/mcpatcher/ctm/default/9_glass_cyan/20.png
Mod: assets/minecraft/mcpatcher/ctm/default/9_glass_cyan/21.png
Mod: assets/minecraft/mcpatcher/ctm/default/9_glass_cyan/22.png
Mod: assets/minecraft/mcpatcher/ctm/default/9_glass_cyan/23.png
Mod: assets/minecraft/mcpatcher/ctm/default/9_glass_cyan/24.png
Mod: assets/minecraft/mcpatcher/ctm/default/9_glass_cyan/25.png
Mod: assets/minecraft/mcpatcher/ctm/default/9_glass_cyan/26.png
Mod: assets/minecraft/mcpatcher/ctm/default/9_glass_cyan/27.png
Mod: assets/minecraft/mcpatcher/ctm/default/9_glass_cyan/3.png
Mod: assets/minecraft/mcpatcher/ctm/default/9_glass_cyan/32.png
Mod: assets/minecraft/mcpatcher/ctm/default/9_glass_cyan/33.png
Mod: assets/minecraft/mcpatcher/ctm/default/9_glass_cyan/34.png
Mod: assets/minecraft/mcpatcher/ctm/default/9_glass_cyan/35.png
Mod: assets/minecraft/mcpatcher/ctm/default/9_glass_cyan/36.png
Mod: assets/minecraft/mcpatcher/ctm/default/9_glass_cyan/37.png
Mod: assets/minecraft/mcpatcher/ctm/default/9_glass_cyan/38.png
Mod: assets/minecraft/mcpatcher/ctm/default/9_glass_cyan/39.png
Mod: assets/minecraft/mcpatcher/ctm/default/9_glass_cyan/4.png
Mod: assets/minecraft/mcpatcher/ctm/default/9_glass_cyan/40.png
Mod: assets/minecraft/mcpatcher/ctm/default/9_glass_cyan/41.png
Mod: assets/minecraft/mcpatcher/ctm/default/9_glass_cyan/42.png
Mod: assets/minecraft/mcpatcher/ctm/default/9_glass_cyan/43.png
Mod: assets/minecraft/mcpatcher/ctm/default/9_glass_cyan/48.png
Mod: assets/minecraft/mcpatcher/ctm/default/9_glass_cyan/49.png
Mod: assets/minecraft/mcpatcher/ctm/default/9_glass_cyan/5.png
Mod: assets/minecraft/mcpatcher/ctm/default/9_glass_cyan/50.png
Mod: assets/minecraft/mcpatcher/ctm/default/9_glass_cyan/51.png
Mod: assets/minecraft/mcpatcher/ctm/default/9_glass_cyan/52.png
Mod: assets/minecraft/mcpatcher/ctm/default/9_glass_cyan/53.png
Mod: assets/minecraft/mcpatcher/ctm/default/9_glass_cyan/54.png
Mod: assets/minecraft/mcpatcher/ctm/default/9_glass_cyan/55.png
Mod: assets/minecraft/mcpatcher/ctm/default/9_glass_cyan/56.png
Mod: assets/minecraft/mcpatcher/ctm/default/9_glass_cyan/57.png
Mod: assets/minecraft/mcpatcher/ctm/default/9_glass_cyan/58.png
Mod: assets/minecraft/mcpatcher/ctm/default/9_glass_cyan/6.png
Mod: assets/minecraft/mcpatcher/ctm/default/9_glass_cyan/7.png
Mod: assets/minecraft/mcpatcher/ctm/default/9_glass_cyan/8.png
Mod: assets/minecraft/mcpatcher/ctm/default/9_glass_cyan/9.png
Same: assets/minecraft/mcpatcher/ctm/default/empty.png
Same: assets/minecraft/optifine/textures/icons.png
Same: doc/images/biome_grid_template.png
Same: doc/images/cem_box.png
Same: doc/images/ctm_compact_template.png
Same: doc/images/ctm_template.png
Same: doc/images/horizontal_template.png
Same: doc/images/lightmap_template.png
Same: doc/images/overlay_template.png
Same: doc/images/skybox.png
Same: doc/images/vertical_template.png
Mod: assets/minecraft/blockstates/black_stained_glass_pane.json
Mod: assets/minecraft/blockstates/blue_stained_glass_pane.json
Mod: assets/minecraft/blockstates/brown_stained_glass_pane.json
Mod: assets/minecraft/blockstates/cyan_stained_glass_pane.json
Mod: assets/minecraft/blockstates/gray_stained_glass_pane.json
Mod: assets/minecraft/blockstates/green_stained_glass_pane.json
Mod: assets/minecraft/blockstates/light_blue_stained_glass_pane.json
Mod: assets/minecraft/blockstates/lime_stained_glass_pane.json
Mod: assets/minecraft/blockstates/magenta_stained_glass_pane.json
Mod: assets/minecraft/blockstates/orange_stained_glass_pane.json
Mod: assets/minecraft/blockstates/pink_stained_glass_pane.json
Mod: assets/minecraft/blockstates/purple_stained_glass_pane.json
Mod: assets/minecraft/blockstates/red_stained_glass_pane.json
Mod: assets/minecraft/blockstates/silver_stained_glass_pane.json
Mod: assets/minecraft/blockstates/white_stained_glass_pane.json
Mod: assets/minecraft/blockstates/yellow_stained_glass_pane.json
Mod: assets/minecraft/models/block/pane_n.json
Mod: assets/minecraft/models/block/pane_ne.json
Mod: assets/minecraft/models/block/pane_ns.json
Mod: assets/minecraft/models/block/pane_nse.json
Mod: assets/minecraft/shaders/post/fxaa_of_2x.json
Mod: assets/minecraft/shaders/post/fxaa_of_4x.json
Mod: assets/minecraft/shaders/program/fxaa_of_2x.json
Mod: assets/minecraft/shaders/program/fxaa_of_4x.json
Same: buildof.txt
Same: changelog.txt
Same: doc/biome_palettes.txt
Same: doc/biome_palettes_grid.txt
Same: doc/cem_animation.txt
Same: doc/cem_model.txt
Same: doc/cem_part.txt
Same: doc/custom_animations.txt
Same: doc/custom_lightmaps.txt
Same: doc/hd_fonts.txt
Same: doc/properties_files.txt
Same: doc/shaders.txt
Same: doc/system_properties.txt
Same: doc/todo.txt
Same: files.txt
Same: launchwrapper-of.txt
Same: optifine/xdelta/licence.txt
Same: ToCheck.txt
Mod: assets/minecraft/shaders/program/fxaa_of_2x.fsh
Mod: assets/minecraft/shaders/program/fxaa_of_2x.vsh
Mod: assets/minecraft/shaders/program/fxaa_of_4x.fsh
Mod: assets/minecraft/shaders/program/fxaa_of_4x.vsh
Same: assets/minecraft/optifine/lang/ca_ES.lang
Same: assets/minecraft/optifine/lang/cs_CZ.lang
Same: assets/minecraft/optifine/lang/de_DE.lang
Same: assets/minecraft/optifine/lang/en_GB.lang
Same: assets/minecraft/optifine/lang/en_UD.lang
Same: assets/minecraft/optifine/lang/en_US.lang
Same: assets/minecraft/optifine/lang/es_AR.lang
Same: assets/minecraft/optifine/lang/es_CH.lang
Same: assets/minecraft/optifine/lang/es_ES.lang
Same: assets/minecraft/optifine/lang/es_MX.lang
Same: assets/minecraft/optifine/lang/et_EE.lang
Same: assets/minecraft/optifine/lang/fi_FI.lang
Same: assets/minecraft/optifine/lang/fr_CA.lang
Same: assets/minecraft/optifine/lang/fr_FR.lang
Same: assets/minecraft/optifine/lang/hu_HU.lang
Same: assets/minecraft/optifine/lang/it_IT.lang
Same: assets/minecraft/optifine/lang/ja_JP.lang
Same: assets/minecraft/optifine/lang/ko_KR.lang
Same: assets/minecraft/optifine/lang/lb_LU.lang
Same: assets/minecraft/optifine/lang/nl_NL.lang
Same: assets/minecraft/optifine/lang/no_NO.lang
Same: assets/minecraft/optifine/lang/pl_PL.lang
Same: assets/minecraft/optifine/lang/pt_BR.lang
Same: assets/minecraft/optifine/lang/pt_PT.lang
Same: assets/minecraft/optifine/lang/ro_RO.lang
Same: assets/minecraft/optifine/lang/ru_RU.lang
Same: assets/minecraft/optifine/lang/sk_SK.lang
Same: assets/minecraft/optifine/lang/sv_SE.lang
Same: assets/minecraft/optifine/lang/tr_TR.lang
Same: assets/minecraft/optifine/lang/uk_UA.lang
Same: assets/minecraft/optifine/lang/zh_CN.lang
Same: assets/minecraft/optifine/lang/zh_TW.lang
Same: launchwrapper-of-2.2.jar
Same: META-INF/MANIFEST.MF
Source: launchwrapper-of-2.2.jar
Dest: /home/dhannah/.minecraft/libraries/optifine/launchwrapper-of/2.2/launchwrapper-of-2.2.jar
Unexpected character (#) at position 0.
	at optifine.json.Yylex.yylex(Yylex.java:610)
	at optifine.json.JSONParser.nextToken(JSONParser.java:268)
	at optifine.json.JSONParser.parse(JSONParser.java:117)
	at optifine.json.JSONParser.parse(JSONParser.java:80)
	at optifine.json.JSONParser.parse(JSONParser.java:74)
	at optifine.Installer.parseJson(Installer.java:272)
	at optifine.Installer.updateLauncherStateJson(Installer.java:208)
	at optifine.Installer.doInstall(Installer.java:106)
	at sun.reflect.NativeMethodAccessorImpl.invoke0(Native Method)
	at sun.reflect.NativeMethodAccessorImpl.invoke(NativeMethodAccessorImpl.java:62)
	at sun.reflect.DelegatingMethodAccessorImpl.invoke(DelegatingMethodAccessorImpl.java:43)
	at java.lang.reflect.Method.invoke(Method.java:498)
	at net.badlion.optifineinstallwrapper.InstallWrapper.main(InstallWrapper.java:16)
