[2021-11-09 18:01:27.144] [silly] background.js loaded.
2021/11/09 18:01:27:147 loading database
2021/11/09 18:01:27:148 creating database
2021/11/09 18:01:27:211 database created
2021/11/09 18:01:27:212 database loaded
2021/11/09 18:01:32:711 loaded launcher.node
2021/11/09 18:01:32:951 electron ready
2021/11/09 18:01:33:139 updater file exists
2021/11/09 18:01:33:158 initializing main window.
2021/11/09 18:01:33:159 creating main window with settings {
  title: 'Badlion Client',
  backgroundColor: '#38434d',
  resizable: true,
  minWidth: 540,
  minHeight: 850,
  width: 1200,
  height: 1000,
  show: false,
  frame: false,
  titleBarStyle: 'default',
  webPreferences: { nodeIntegration: true, devTools: false, enableRemoteModule: true },
  icon: '/tmp/.mount_Badlioa9efhn/resources/app.asar/app/64x64.png'
}
2021/11/09 18:01:33:164 main window created
2021/11/09 18:01:33:165 loading main window url /tmp/.mount_Badlioa9efhn/resources/app.asar/app/app.html
2021/11/09 18:01:33:169 main window url loaded.
2021/11/09 18:01:33:170 main window initialized.
2021/11/09 18:01:33:619 remote-get-builtin app
2021/11/09 18:01:33:620 remote-get-builtin app
2021/11/09 18:01:33:621 remote-get-builtin app
2021/11/09 18:01:33:622 remote-get-builtin app
2021/11/09 18:01:33:623 remote-get-builtin app
2021/11/09 18:01:33:624 remote-get-builtin app
2021/11/09 18:01:33:625 remote-get-builtin app
2021/11/09 18:01:33:625 remote-get-builtin app
2021/11/09 18:01:33:626 remote-get-builtin app
2021/11/09 18:01:33:627 remote-get-builtin app
2021/11/09 18:01:33:628 remote-get-builtin app
2021/11/09 18:01:33:628 remote-get-builtin app
2021/11/09 18:01:33:629 remote-get-builtin app
2021/11/09 18:01:33:630 remote-get-builtin app
2021/11/09 18:01:33:630 remote-get-builtin app
2021/11/09 18:01:33:631 remote-get-builtin app
2021/11/09 18:01:33:631 remote-get-builtin app
2021/11/09 18:01:33:632 remote-get-builtin app
2021/11/09 18:01:33:632 remote-get-builtin app
2021/11/09 18:01:33:633 remote-get-builtin app
2021/11/09 18:01:33:634 remote-get-builtin app
2021/11/09 18:01:33:635 remote-get-builtin app
2021/11/09 18:01:33:635 remote-require electron-log
2021/11/09 18:01:33:636 remote-get-builtin app
2021/11/09 18:01:33:636 remote-require electron-log
2021/11/09 18:01:33:637 remote-require ./background
2021/11/09 18:01:33:637 remote-get-builtin app
2021/11/09 18:01:33:638 remote-require ./background
2021/11/09 18:01:34:123 updater dom is ready to show
2021/11/09 18:01:34:125 init auto updater
2021/11/09 18:01:34:126 initializing autoupdater.
2021/11/09 18:01:34:178 check for updates
2021/11/09 18:01:34:179 Checking for update
2021/11/09 18:01:34:179 autoUpdater checking-for-update received, sending checking-for-update to active window.
2021/11/09 18:01:34:179 checking-for-update sent to active window.
2021/11/09 18:01:34:180 autoupdater initialized.
2021/11/09 18:01:34:227 updater window is ready to show
2021/11/09 18:01:34:242 Generated new staging user ID: b58bd95a-afe2-5636-90ca-7b750fdd7070
2021/11/09 18:01:34:478 Update for version 3.3.2 is not available (latest version: 3.3.2, downgrade is disallowed).
2021/11/09 18:01:34:479 autoUpdater update-not-available received, sending update-not-available to active window.
2021/11/09 18:01:34:479 update-not-available sent to active window.
2021/11/09 18:01:34:480 finish check for updates {
  versionInfo: {
    version: '3.3.2',
    files: [
      {
        url: 'BadlionClient',
        sha512: 'YFPX3oRINT6P1beYrF83ybS9EbYPJfJePLucWJTfiNGlFddUGcQoYTCVkLbKDvzw5+K5jhvHjY6mNff08RC0Sw==',
        size: 159861088,
        blockMapSize: 166260
      }
    ],
    path: 'BadlionClient',
    sha512: 'YFPX3oRINT6P1beYrF83ybS9EbYPJfJePLucWJTfiNGlFddUGcQoYTCVkLbKDvzw5+K5jhvHjY6mNff08RC0Sw==',
    releaseDate: '2021-08-21T10:58:05.907Z'
  }
}
2021/11/09 18:01:34:480 no update available at this time
2021/11/09 18:01:34:492 isJavaUpdate called.
2021/11/09 18:01:36:122 remote-require process
2021/11/09 18:02:30:052 checkForJavaVersion called. res:  0
2021/11/09 18:02:33:822 remote-require ./background
2021/11/09 18:02:33:826 path to icon /tmp/.mount_Badlioa9efhn/resources/app.asar/app/small/small.png
2021/11/09 18:02:33:831 main window shown.
2021/11/09 18:06:34:993 remote-require ./background
2021/11/09 18:06:34:994 Checking for update
2021/11/09 18:06:34:994 autoUpdater checking-for-update received, sending checking-for-update to active window.
2021/11/09 18:06:34:995 checking-for-update sent to active window.
2021/11/09 18:06:35:059 Update for version 3.3.2 is not available (latest version: 3.3.2, downgrade is disallowed).
2021/11/09 18:06:35:060 autoUpdater update-not-available received, sending update-not-available to active window.
2021/11/09 18:06:35:060 update-not-available sent to active window.
2021/11/09 18:06:40:228 remote-require ./background
2021/11/09 18:06:40:229 handleShutdown called
2021/11/09 18:06:40:239 window-all-closed received, quitting.
2021/11/09 18:06:40:239 before-quit received
2021/11/09 18:06:40:240 will-quit received, quitting.
[2021-11-09 18:07:00.643] [silly] background.js loaded.
2021/11/09 18:07:00:647 loading database
2021/11/09 18:07:00:647 creating database
2021/11/09 18:07:00:687 database created
2021/11/09 18:07:00:687 database loaded
2021/11/09 18:07:06:072 loaded launcher.node
2021/11/09 18:07:06:298 electron ready
2021/11/09 18:07:06:482 updater file exists
2021/11/09 18:07:06:503 initializing main window.
2021/11/09 18:07:06:504 creating main window with settings {
  title: 'Badlion Client',
  backgroundColor: '#38434d',
  resizable: true,
  minWidth: 540,
  minHeight: 850,
  width: 1200,
  height: 1000,
  show: false,
  frame: false,
  titleBarStyle: 'default',
  webPreferences: { nodeIntegration: true, devTools: false, enableRemoteModule: true },
  icon: '/tmp/.mount_Badlio1s62mE/resources/app.asar/app/64x64.png'
}
2021/11/09 18:07:06:509 main window created
2021/11/09 18:07:06:511 loading main window url /tmp/.mount_Badlio1s62mE/resources/app.asar/app/app.html
2021/11/09 18:07:06:516 main window url loaded.
2021/11/09 18:07:06:517 main window initialized.
2021/11/09 18:07:06:963 remote-get-builtin app
2021/11/09 18:07:06:966 remote-get-builtin app
2021/11/09 18:07:06:967 remote-get-builtin app
2021/11/09 18:07:06:968 remote-get-builtin app
2021/11/09 18:07:06:969 remote-get-builtin app
2021/11/09 18:07:06:970 remote-get-builtin app
2021/11/09 18:07:06:971 remote-get-builtin app
2021/11/09 18:07:06:972 remote-get-builtin app
2021/11/09 18:07:06:973 remote-get-builtin app
2021/11/09 18:07:06:974 remote-get-builtin app
2021/11/09 18:07:06:975 remote-get-builtin app
2021/11/09 18:07:06:976 remote-get-builtin app
2021/11/09 18:07:06:977 remote-require electron-log
2021/11/09 18:07:06:978 remote-get-builtin app
2021/11/09 18:07:06:978 remote-get-builtin app
2021/11/09 18:07:06:979 remote-require ./background
2021/11/09 18:07:06:981 remote-get-builtin app
2021/11/09 18:07:06:982 remote-get-builtin app
2021/11/09 18:07:06:983 remote-get-builtin app
2021/11/09 18:07:06:984 remote-get-builtin app
2021/11/09 18:07:06:985 remote-get-builtin app
2021/11/09 18:07:06:986 remote-get-builtin app
2021/11/09 18:07:06:987 remote-get-builtin app
2021/11/09 18:07:06:988 remote-get-builtin app
2021/11/09 18:07:06:988 remote-get-builtin app
2021/11/09 18:07:06:990 remote-require electron-log
2021/11/09 18:07:06:991 remote-get-builtin app
2021/11/09 18:07:06:992 remote-require ./background
2021/11/09 18:07:07:344 updater dom is ready to show
2021/11/09 18:07:07:346 init auto updater
2021/11/09 18:07:07:346 initializing autoupdater.
2021/11/09 18:07:07:379 check for updates
2021/11/09 18:07:07:379 Checking for update
2021/11/09 18:07:07:379 autoUpdater checking-for-update received, sending checking-for-update to active window.
2021/11/09 18:07:07:380 checking-for-update sent to active window.
2021/11/09 18:07:07:380 autoupdater initialized.
2021/11/09 18:07:07:418 updater window is ready to show
2021/11/09 18:07:07:553 Update for version 3.3.2 is not available (latest version: 3.3.2, downgrade is disallowed).
2021/11/09 18:07:07:553 autoUpdater update-not-available received, sending update-not-available to active window.
2021/11/09 18:07:07:554 update-not-available sent to active window.
2021/11/09 18:07:07:554 finish check for updates {
  versionInfo: {
    version: '3.3.2',
    files: [
      {
        url: 'BadlionClient',
        sha512: 'YFPX3oRINT6P1beYrF83ybS9EbYPJfJePLucWJTfiNGlFddUGcQoYTCVkLbKDvzw5+K5jhvHjY6mNff08RC0Sw==',
        size: 159861088,
        blockMapSize: 166260
      }
    ],
    path: 'BadlionClient',
    sha512: 'YFPX3oRINT6P1beYrF83ybS9EbYPJfJePLucWJTfiNGlFddUGcQoYTCVkLbKDvzw5+K5jhvHjY6mNff08RC0Sw==',
    releaseDate: '2021-08-21T10:58:05.907Z'
  }
}
2021/11/09 18:07:07:555 no update available at this time
2021/11/09 18:07:07:562 isJavaUpdate called.
2021/11/09 18:07:09:130 checkForJavaVersion called. res:  0
2021/11/09 18:07:11:268 remote-require process
2021/11/09 18:07:12:740 remote-require ./background
2021/11/09 18:07:12:747 path to icon /tmp/.mount_Badlio1s62mE/resources/app.asar/app/small/small.png
2021/11/09 18:07:12:763 main window shown.
2021/11/09 18:12:08:317 remote-require ./background
2021/11/09 18:12:08:318 Checking for update
2021/11/09 18:12:08:318 autoUpdater checking-for-update received, sending checking-for-update to active window.
2021/11/09 18:12:08:319 checking-for-update sent to active window.
2021/11/09 18:12:08:369 Update for version 3.3.2 is not available (latest version: 3.3.2, downgrade is disallowed).
2021/11/09 18:12:08:369 autoUpdater update-not-available received, sending update-not-available to active window.
2021/11/09 18:12:08:370 update-not-available sent to active window.
2021/11/09 18:17:08:301 remote-require ./background
2021/11/09 18:17:08:302 Checking for update
2021/11/09 18:17:08:302 autoUpdater checking-for-update received, sending checking-for-update to active window.
2021/11/09 18:17:08:302 checking-for-update sent to active window.
2021/11/09 18:17:08:368 Update for version 3.3.2 is not available (latest version: 3.3.2, downgrade is disallowed).
2021/11/09 18:17:08:369 autoUpdater update-not-available received, sending update-not-available to active window.
2021/11/09 18:17:08:369 update-not-available sent to active window.
2021/11/09 18:22:08:296 remote-require ./background
2021/11/09 18:22:08:298 Checking for update
2021/11/09 18:22:08:298 autoUpdater checking-for-update received, sending checking-for-update to active window.
2021/11/09 18:22:08:299 checking-for-update sent to active window.
2021/11/09 18:22:08:413 Update for version 3.3.2 is not available (latest version: 3.3.2, downgrade is disallowed).
2021/11/09 18:22:08:414 autoUpdater update-not-available received, sending update-not-available to active window.
2021/11/09 18:22:08:414 update-not-available sent to active window.
2021/11/09 18:27:08:294 remote-require ./background
2021/11/09 18:27:08:295 Checking for update
2021/11/09 18:27:08:295 autoUpdater checking-for-update received, sending checking-for-update to active window.
2021/11/09 18:27:08:296 checking-for-update sent to active window.
2021/11/09 18:27:08:354 Update for version 3.3.2 is not available (latest version: 3.3.2, downgrade is disallowed).
2021/11/09 18:27:08:354 autoUpdater update-not-available received, sending update-not-available to active window.
2021/11/09 18:27:08:355 update-not-available sent to active window.
2021/11/09 18:42:08:289 remote-require ./background
2021/11/09 18:42:08:289 Checking for update
2021/11/09 18:42:08:290 autoUpdater checking-for-update received, sending checking-for-update to active window.
2021/11/09 18:42:08:290 checking-for-update sent to active window.
2021/11/09 18:42:08:356 Update for version 3.3.2 is not available (latest version: 3.3.2, downgrade is disallowed).
2021/11/09 18:42:08:357 autoUpdater update-not-available received, sending update-not-available to active window.
2021/11/09 18:42:08:357 update-not-available sent to active window.
2021/11/09 18:47:08:292 remote-require ./background
2021/11/09 18:47:08:293 Checking for update
2021/11/09 18:47:08:293 autoUpdater checking-for-update received, sending checking-for-update to active window.
2021/11/09 18:47:08:293 checking-for-update sent to active window.
2021/11/09 18:47:08:350 Update for version 3.3.2 is not available (latest version: 3.3.2, downgrade is disallowed).
2021/11/09 18:47:08:351 autoUpdater update-not-available received, sending update-not-available to active window.
2021/11/09 18:47:08:352 update-not-available sent to active window.
2021/11/09 18:50:31:359 checkForJarUpdates called: uuid, res:  ceb6898d-30b6-43dd-8278-303322359a25 0
2021/11/09 18:52:08:312 remote-require ./background
2021/11/09 18:52:08:313 Checking for update
2021/11/09 18:52:08:313 autoUpdater checking-for-update received, sending checking-for-update to active window.
2021/11/09 18:52:08:314 checking-for-update sent to active window.
2021/11/09 18:52:08:380 Update for version 3.3.2 is not available (latest version: 3.3.2, downgrade is disallowed).
2021/11/09 18:52:08:380 autoUpdater update-not-available received, sending update-not-available to active window.
2021/11/09 18:52:08:380 update-not-available sent to active window.
2021/11/09 18:57:08:296 remote-require ./background
2021/11/09 18:57:08:297 Checking for update
2021/11/09 18:57:08:297 autoUpdater checking-for-update received, sending checking-for-update to active window.
2021/11/09 18:57:08:298 checking-for-update sent to active window.
2021/11/09 18:57:08:350 Update for version 3.3.2 is not available (latest version: 3.3.2, downgrade is disallowed).
2021/11/09 18:57:08:351 autoUpdater update-not-available received, sending update-not-available to active window.
2021/11/09 18:57:08:351 update-not-available sent to active window.
2021/11/09 19:02:08:288 remote-require ./background
2021/11/09 19:02:08:289 Checking for update
2021/11/09 19:02:08:289 autoUpdater checking-for-update received, sending checking-for-update to active window.
2021/11/09 19:02:08:289 checking-for-update sent to active window.
2021/11/09 19:02:08:433 Update for version 3.3.2 is not available (latest version: 3.3.2, downgrade is disallowed).
2021/11/09 19:02:08:433 autoUpdater update-not-available received, sending update-not-available to active window.
2021/11/09 19:02:08:434 update-not-available sent to active window.
2021/11/09 19:07:08:308 remote-require ./background
2021/11/09 19:07:08:309 Checking for update
2021/11/09 19:07:08:310 autoUpdater checking-for-update received, sending checking-for-update to active window.
2021/11/09 19:07:08:310 checking-for-update sent to active window.
2021/11/09 19:07:08:383 Update for version 3.3.2 is not available (latest version: 3.3.2, downgrade is disallowed).
2021/11/09 19:07:08:383 autoUpdater update-not-available received, sending update-not-available to active window.
2021/11/09 19:07:08:384 update-not-available sent to active window.
2021/11/09 19:09:50:945 launchClient called: res:  0
2021/11/09 19:12:08:288 remote-require ./background
2021/11/09 19:12:08:289 Checking for update
2021/11/09 19:12:08:289 autoUpdater checking-for-update received, sending checking-for-update to active window.
2021/11/09 19:12:08:290 checking-for-update sent to active window.
2021/11/09 19:12:08:361 Update for version 3.3.2 is not available (latest version: 3.3.2, downgrade is disallowed).
2021/11/09 19:12:08:361 autoUpdater update-not-available received, sending update-not-available to active window.
2021/11/09 19:12:08:361 update-not-available sent to active window.
2021/11/09 19:17:08:288 remote-require ./background
2021/11/09 19:17:08:289 Checking for update
2021/11/09 19:17:08:289 autoUpdater checking-for-update received, sending checking-for-update to active window.
2021/11/09 19:17:08:290 checking-for-update sent to active window.
2021/11/09 19:17:08:352 Update for version 3.3.2 is not available (latest version: 3.3.2, downgrade is disallowed).
2021/11/09 19:17:08:353 autoUpdater update-not-available received, sending update-not-available to active window.
2021/11/09 19:17:08:353 update-not-available sent to active window.
2021/11/09 19:22:08:288 remote-require ./background
2021/11/09 19:22:08:289 Checking for update
2021/11/09 19:22:08:289 autoUpdater checking-for-update received, sending checking-for-update to active window.
2021/11/09 19:22:08:289 checking-for-update sent to active window.
2021/11/09 19:22:08:499 Update for version 3.3.2 is not available (latest version: 3.3.2, downgrade is disallowed).
2021/11/09 19:22:08:500 autoUpdater update-not-available received, sending update-not-available to active window.
2021/11/09 19:22:08:500 update-not-available sent to active window.
2021/11/09 19:27:08:289 remote-require ./background
2021/11/09 19:27:08:290 Checking for update
2021/11/09 19:27:08:290 autoUpdater checking-for-update received, sending checking-for-update to active window.
2021/11/09 19:27:08:290 checking-for-update sent to active window.
2021/11/09 19:27:08:528 Update for version 3.3.2 is not available (latest version: 3.3.2, downgrade is disallowed).
2021/11/09 19:27:08:528 autoUpdater update-not-available received, sending update-not-available to active window.
2021/11/09 19:27:08:529 update-not-available sent to active window.
2021/11/09 19:32:08:290 remote-require ./background
2021/11/09 19:32:08:290 Checking for update
2021/11/09 19:32:08:291 autoUpdater checking-for-update received, sending checking-for-update to active window.
2021/11/09 19:32:08:291 checking-for-update sent to active window.
2021/11/09 19:32:08:348 Update for version 3.3.2 is not available (latest version: 3.3.2, downgrade is disallowed).
2021/11/09 19:32:08:348 autoUpdater update-not-available received, sending update-not-available to active window.
2021/11/09 19:32:08:348 update-not-available sent to active window.
2021/11/09 19:37:08:288 remote-require ./background
2021/11/09 19:37:08:289 Checking for update
2021/11/09 19:37:08:289 autoUpdater checking-for-update received, sending checking-for-update to active window.
2021/11/09 19:37:08:289 checking-for-update sent to active window.
2021/11/09 19:37:08:344 Update for version 3.3.2 is not available (latest version: 3.3.2, downgrade is disallowed).
2021/11/09 19:37:08:344 autoUpdater update-not-available received, sending update-not-available to active window.
2021/11/09 19:37:08:345 update-not-available sent to active window.
2021/11/09 19:42:08:288 remote-require ./background
2021/11/09 19:42:08:289 Checking for update
2021/11/09 19:42:08:289 autoUpdater checking-for-update received, sending checking-for-update to active window.
2021/11/09 19:42:08:290 checking-for-update sent to active window.
2021/11/09 19:42:08:363 Update for version 3.3.2 is not available (latest version: 3.3.2, downgrade is disallowed).
2021/11/09 19:42:08:363 autoUpdater update-not-available received, sending update-not-available to active window.
2021/11/09 19:42:08:364 update-not-available sent to active window.
2021/11/09 19:47:08:300 remote-require ./background
2021/11/09 19:47:08:301 Checking for update
2021/11/09 19:47:08:302 autoUpdater checking-for-update received, sending checking-for-update to active window.
2021/11/09 19:47:08:302 checking-for-update sent to active window.
2021/11/09 19:47:08:678 Update for version 3.3.2 is not available (latest version: 3.3.2, downgrade is disallowed).
2021/11/09 19:47:08:680 autoUpdater update-not-available received, sending update-not-available to active window.
2021/11/09 19:47:08:681 update-not-available sent to active window.
2021/11/09 19:52:08:306 remote-require ./background
2021/11/09 19:52:08:307 Checking for update
2021/11/09 19:52:08:307 autoUpdater checking-for-update received, sending checking-for-update to active window.
2021/11/09 19:52:08:308 checking-for-update sent to active window.
2021/11/09 19:52:08:603 Update for version 3.3.2 is not available (latest version: 3.3.2, downgrade is disallowed).
2021/11/09 19:52:08:604 autoUpdater update-not-available received, sending update-not-available to active window.
2021/11/09 19:52:08:604 update-not-available sent to active window.
2021/11/09 19:57:08:309 remote-require ./background
2021/11/09 19:57:08:311 Checking for update
2021/11/09 19:57:08:311 autoUpdater checking-for-update received, sending checking-for-update to active window.
2021/11/09 19:57:08:312 checking-for-update sent to active window.
2021/11/09 19:57:08:373 Update for version 3.3.2 is not available (latest version: 3.3.2, downgrade is disallowed).
2021/11/09 19:57:08:374 autoUpdater update-not-available received, sending update-not-available to active window.
2021/11/09 19:57:08:375 update-not-available sent to active window.
2021/11/09 20:02:08:309 remote-require ./background
2021/11/09 20:02:08:312 Checking for update
2021/11/09 20:02:08:312 autoUpdater checking-for-update received, sending checking-for-update to active window.
2021/11/09 20:02:08:313 checking-for-update sent to active window.
2021/11/09 20:02:08:371 Update for version 3.3.2 is not available (latest version: 3.3.2, downgrade is disallowed).
2021/11/09 20:02:08:372 autoUpdater update-not-available received, sending update-not-available to active window.
2021/11/09 20:02:08:373 update-not-available sent to active window.
2021/11/09 20:07:08:288 remote-require ./background
2021/11/09 20:07:08:288 Checking for update
2021/11/09 20:07:08:289 autoUpdater checking-for-update received, sending checking-for-update to active window.
2021/11/09 20:07:08:289 checking-for-update sent to active window.
2021/11/09 20:07:08:430 Update for version 3.3.2 is not available (latest version: 3.3.2, downgrade is disallowed).
2021/11/09 20:07:08:430 autoUpdater update-not-available received, sending update-not-available to active window.
2021/11/09 20:07:08:430 update-not-available sent to active window.
2021/11/09 20:12:08:298 remote-require ./background
2021/11/09 20:12:08:299 Checking for update
2021/11/09 20:12:08:299 autoUpdater checking-for-update received, sending checking-for-update to active window.
2021/11/09 20:12:08:299 checking-for-update sent to active window.
2021/11/09 20:12:08:356 Update for version 3.3.2 is not available (latest version: 3.3.2, downgrade is disallowed).
2021/11/09 20:12:08:357 autoUpdater update-not-available received, sending update-not-available to active window.
2021/11/09 20:12:08:357 update-not-available sent to active window.
2021/11/09 20:17:08:310 remote-require ./background
2021/11/09 20:17:08:311 Checking for update
2021/11/09 20:17:08:312 autoUpdater checking-for-update received, sending checking-for-update to active window.
2021/11/09 20:17:08:313 checking-for-update sent to active window.
2021/11/09 20:17:08:376 Update for version 3.3.2 is not available (latest version: 3.3.2, downgrade is disallowed).
2021/11/09 20:17:08:377 autoUpdater update-not-available received, sending update-not-available to active window.
2021/11/09 20:17:08:378 update-not-available sent to active window.
2021/11/09 20:22:08:310 remote-require ./background
2021/11/09 20:22:08:311 Checking for update
2021/11/09 20:22:08:312 autoUpdater checking-for-update received, sending checking-for-update to active window.
2021/11/09 20:22:08:312 checking-for-update sent to active window.
2021/11/09 20:22:08:447 Update for version 3.3.2 is not available (latest version: 3.3.2, downgrade is disallowed).
2021/11/09 20:22:08:448 autoUpdater update-not-available received, sending update-not-available to active window.
2021/11/09 20:22:08:448 update-not-available sent to active window.
2021/11/09 20:27:08:309 remote-require ./background
2021/11/09 20:27:08:310 Checking for update
2021/11/09 20:27:08:311 autoUpdater checking-for-update received, sending checking-for-update to active window.
2021/11/09 20:27:08:312 checking-for-update sent to active window.
2021/11/09 20:27:08:378 Update for version 3.3.2 is not available (latest version: 3.3.2, downgrade is disallowed).
2021/11/09 20:27:08:379 autoUpdater update-not-available received, sending update-not-available to active window.
2021/11/09 20:27:08:380 update-not-available sent to active window.
2021/11/09 20:32:08:310 remote-require ./background
2021/11/09 20:32:08:311 Checking for update
2021/11/09 20:32:08:312 autoUpdater checking-for-update received, sending checking-for-update to active window.
2021/11/09 20:32:08:313 checking-for-update sent to active window.
2021/11/09 20:32:08:389 Update for version 3.3.2 is not available (latest version: 3.3.2, downgrade is disallowed).
2021/11/09 20:32:08:390 autoUpdater update-not-available received, sending update-not-available to active window.
2021/11/09 20:32:08:391 update-not-available sent to active window.
2021/11/09 20:37:08:308 remote-require ./background
2021/11/09 20:37:08:309 Checking for update
2021/11/09 20:37:08:310 autoUpdater checking-for-update received, sending checking-for-update to active window.
2021/11/09 20:37:08:310 checking-for-update sent to active window.
2021/11/09 20:37:08:380 Update for version 3.3.2 is not available (latest version: 3.3.2, downgrade is disallowed).
2021/11/09 20:37:08:381 autoUpdater update-not-available received, sending update-not-available to active window.
2021/11/09 20:37:08:382 update-not-available sent to active window.
2021/11/09 20:42:08:310 remote-require ./background
2021/11/09 20:42:08:312 Checking for update
2021/11/09 20:42:08:312 autoUpdater checking-for-update received, sending checking-for-update to active window.
2021/11/09 20:42:08:313 checking-for-update sent to active window.
2021/11/09 20:42:08:366 Update for version 3.3.2 is not available (latest version: 3.3.2, downgrade is disallowed).
2021/11/09 20:42:08:366 autoUpdater update-not-available received, sending update-not-available to active window.
2021/11/09 20:42:08:367 update-not-available sent to active window.
2021/11/09 20:47:08:301 remote-require ./background
2021/11/09 20:47:08:303 Checking for update
2021/11/09 20:47:08:303 autoUpdater checking-for-update received, sending checking-for-update to active window.
2021/11/09 20:47:08:303 checking-for-update sent to active window.
2021/11/09 20:47:08:368 Update for version 3.3.2 is not available (latest version: 3.3.2, downgrade is disallowed).
2021/11/09 20:47:08:369 autoUpdater update-not-available received, sending update-not-available to active window.
2021/11/09 20:47:08:370 update-not-available sent to active window.
2021/11/09 20:52:08:310 remote-require ./background
2021/11/09 20:52:08:312 Checking for update
2021/11/09 20:52:08:313 autoUpdater checking-for-update received, sending checking-for-update to active window.
2021/11/09 20:52:08:313 checking-for-update sent to active window.
2021/11/09 20:52:08:372 Update for version 3.3.2 is not available (latest version: 3.3.2, downgrade is disallowed).
2021/11/09 20:52:08:373 autoUpdater update-not-available received, sending update-not-available to active window.
2021/11/09 20:52:08:374 update-not-available sent to active window.
2021/11/09 20:57:08:310 remote-require ./background
2021/11/09 20:57:08:312 Checking for update
2021/11/09 20:57:08:312 autoUpdater checking-for-update received, sending checking-for-update to active window.
2021/11/09 20:57:08:313 checking-for-update sent to active window.
2021/11/09 20:57:08:377 Update for version 3.3.2 is not available (latest version: 3.3.2, downgrade is disallowed).
2021/11/09 20:57:08:378 autoUpdater update-not-available received, sending update-not-available to active window.
2021/11/09 20:57:08:379 update-not-available sent to active window.
2021/11/09 21:02:08:309 remote-require ./background
2021/11/09 21:02:08:311 Checking for update
2021/11/09 21:02:08:311 autoUpdater checking-for-update received, sending checking-for-update to active window.
2021/11/09 21:02:08:312 checking-for-update sent to active window.
2021/11/09 21:02:08:446 Update for version 3.3.2 is not available (latest version: 3.3.2, downgrade is disallowed).
2021/11/09 21:02:08:448 autoUpdater update-not-available received, sending update-not-available to active window.
2021/11/09 21:02:08:448 update-not-available sent to active window.
2021/11/09 21:07:08:312 remote-require ./background
2021/11/09 21:07:08:314 Checking for update
2021/11/09 21:07:08:315 autoUpdater checking-for-update received, sending checking-for-update to active window.
2021/11/09 21:07:08:316 checking-for-update sent to active window.
2021/11/09 21:07:08:380 Update for version 3.3.2 is not available (latest version: 3.3.2, downgrade is disallowed).
2021/11/09 21:07:08:380 autoUpdater update-not-available received, sending update-not-available to active window.
2021/11/09 21:07:08:380 update-not-available sent to active window.
2021/11/09 21:12:08:309 remote-require ./background
2021/11/09 21:12:08:310 Checking for update
2021/11/09 21:12:08:311 autoUpdater checking-for-update received, sending checking-for-update to active window.
2021/11/09 21:12:08:311 checking-for-update sent to active window.
2021/11/09 21:12:08:409 Update for version 3.3.2 is not available (latest version: 3.3.2, downgrade is disallowed).
2021/11/09 21:12:08:410 autoUpdater update-not-available received, sending update-not-available to active window.
2021/11/09 21:12:08:411 update-not-available sent to active window.
2021/11/09 21:17:08:327 remote-require ./background
2021/11/09 21:17:08:329 Checking for update
2021/11/09 21:17:08:330 autoUpdater checking-for-update received, sending checking-for-update to active window.
2021/11/09 21:17:08:331 checking-for-update sent to active window.
2021/11/09 21:17:08:403 Update for version 3.3.2 is not available (latest version: 3.3.2, downgrade is disallowed).
2021/11/09 21:17:08:404 autoUpdater update-not-available received, sending update-not-available to active window.
2021/11/09 21:17:08:406 update-not-available sent to active window.
2021/11/09 21:22:08:305 remote-require ./background
2021/11/09 21:22:08:307 Checking for update
2021/11/09 21:22:08:307 autoUpdater checking-for-update received, sending checking-for-update to active window.
2021/11/09 21:22:08:308 checking-for-update sent to active window.
2021/11/09 21:22:08:875 Update for version 3.3.2 is not available (latest version: 3.3.2, downgrade is disallowed).
2021/11/09 21:22:08:876 autoUpdater update-not-available received, sending update-not-available to active window.
2021/11/09 21:22:08:878 update-not-available sent to active window.
2021/11/09 21:27:08:311 remote-require ./background
2021/11/09 21:27:08:313 Checking for update
2021/11/09 21:27:08:313 autoUpdater checking-for-update received, sending checking-for-update to active window.
2021/11/09 21:27:08:314 checking-for-update sent to active window.
2021/11/09 21:27:08:384 Update for version 3.3.2 is not available (latest version: 3.3.2, downgrade is disallowed).
2021/11/09 21:27:08:385 autoUpdater update-not-available received, sending update-not-available to active window.
2021/11/09 21:27:08:386 update-not-available sent to active window.
2021/11/09 21:32:08:295 remote-require ./background
2021/11/09 21:32:08:296 Checking for update
2021/11/09 21:32:08:297 autoUpdater checking-for-update received, sending checking-for-update to active window.
2021/11/09 21:32:08:297 checking-for-update sent to active window.
2021/11/09 21:32:08:356 Update for version 3.3.2 is not available (latest version: 3.3.2, downgrade is disallowed).
2021/11/09 21:32:08:357 autoUpdater update-not-available received, sending update-not-available to active window.
2021/11/09 21:32:08:357 update-not-available sent to active window.
2021/11/09 21:37:08:316 remote-require ./background
2021/11/09 21:37:08:318 Checking for update
2021/11/09 21:37:08:319 autoUpdater checking-for-update received, sending checking-for-update to active window.
2021/11/09 21:37:08:320 checking-for-update sent to active window.
2021/11/09 21:37:08:392 Update for version 3.3.2 is not available (latest version: 3.3.2, downgrade is disallowed).
2021/11/09 21:37:08:393 autoUpdater update-not-available received, sending update-not-available to active window.
2021/11/09 21:37:08:394 update-not-available sent to active window.
2021/11/09 21:42:08:290 remote-require ./background
2021/11/09 21:42:08:291 Checking for update
2021/11/09 21:42:08:291 autoUpdater checking-for-update received, sending checking-for-update to active window.
2021/11/09 21:42:08:291 checking-for-update sent to active window.
2021/11/09 21:42:08:392 Update for version 3.3.2 is not available (latest version: 3.3.2, downgrade is disallowed).
2021/11/09 21:42:08:393 autoUpdater update-not-available received, sending update-not-available to active window.
2021/11/09 21:42:08:394 update-not-available sent to active window.
2021/11/09 21:47:08:289 remote-require ./background
2021/11/09 21:47:08:289 Checking for update
2021/11/09 21:47:08:290 autoUpdater checking-for-update received, sending checking-for-update to active window.
2021/11/09 21:47:08:290 checking-for-update sent to active window.
2021/11/09 21:47:08:342 Update for version 3.3.2 is not available (latest version: 3.3.2, downgrade is disallowed).
2021/11/09 21:47:08:342 autoUpdater update-not-available received, sending update-not-available to active window.
2021/11/09 21:47:08:343 update-not-available sent to active window.
2021/11/09 21:52:08:288 remote-require ./background
2021/11/09 21:52:08:289 Checking for update
2021/11/09 21:52:08:290 autoUpdater checking-for-update received, sending checking-for-update to active window.
2021/11/09 21:52:08:290 checking-for-update sent to active window.
2021/11/09 21:52:08:419 Update for version 3.3.2 is not available (latest version: 3.3.2, downgrade is disallowed).
2021/11/09 21:52:08:419 autoUpdater update-not-available received, sending update-not-available to active window.
2021/11/09 21:52:08:419 update-not-available sent to active window.
2021/11/09 21:57:08:310 remote-require ./background
2021/11/09 21:57:08:312 Checking for update
2021/11/09 21:57:08:312 autoUpdater checking-for-update received, sending checking-for-update to active window.
2021/11/09 21:57:08:313 checking-for-update sent to active window.
2021/11/09 21:57:08:368 Update for version 3.3.2 is not available (latest version: 3.3.2, downgrade is disallowed).
2021/11/09 21:57:08:368 autoUpdater update-not-available received, sending update-not-available to active window.
2021/11/09 21:57:08:369 update-not-available sent to active window.
2021/11/09 22:02:08:316 remote-require ./background
2021/11/09 22:02:08:319 Checking for update
2021/11/09 22:02:08:320 autoUpdater checking-for-update received, sending checking-for-update to active window.
2021/11/09 22:02:08:321 checking-for-update sent to active window.
2021/11/09 22:02:08:478 Update for version 3.3.2 is not available (latest version: 3.3.2, downgrade is disallowed).
2021/11/09 22:02:08:480 autoUpdater update-not-available received, sending update-not-available to active window.
2021/11/09 22:02:08:481 update-not-available sent to active window.
2021/11/09 22:07:08:318 remote-require ./background
2021/11/09 22:07:08:322 Checking for update
2021/11/09 22:07:08:323 autoUpdater checking-for-update received, sending checking-for-update to active window.
2021/11/09 22:07:08:324 checking-for-update sent to active window.
2021/11/09 22:07:08:684 Update for version 3.3.2 is not available (latest version: 3.3.2, downgrade is disallowed).
2021/11/09 22:07:08:686 autoUpdater update-not-available received, sending update-not-available to active window.
2021/11/09 22:07:08:687 update-not-available sent to active window.
2021/11/09 22:11:19:621 before-quit received
