2021/11/09 18:01:33:864 loading database
2021/11/09 18:01:33:867 converting database
2021/11/09 18:01:33:891 loading database
2021/11/09 18:01:34:022 loading database
2021/11/09 18:01:34:102 loading database
2021/11/09 18:03:21:889 hasOptifineInstalled result -1
2021/11/09 18:03:21:892 patching optifine
2021/11/09 18:03:27:373 optifine has been installed, launching client, result:  0
2021/11/09 18:03:28:735 TypeError: Cannot read property 'repeated' of undefined
    at n.updateJarModalProgressBar (file:///tmp/.mount_Badlioa9efhn/resources/app.asar/app/static/js/main.2dfc67e3.chunk.js:1:6078692)
    at file:///tmp/.mount_Badlioa9efhn/resources/app.asar/app/static/js/main.2dfc67e3.chunk.js:1:5916985
    at CallbacksRegistry.apply (electron/js2c/renderer_init.js:107:834)
    at electron/js2c/renderer_init.js:83:5623
    at electron/js2c/renderer_init.js:83:5332
    at EventEmitter.<anonymous> (electron/js2c/renderer_init.js:103:732)
    at EventEmitter.emit (events.js:315:20)
    at Object.onMessage (electron/js2c/renderer_init.js:91:925)
2021/11/09 18:06:40:029 onbeforeunload received
2021/11/09 18:07:07:202 loading database
2021/11/09 18:07:07:230 loading database
2021/11/09 18:07:07:265 loading database
2021/11/09 18:07:07:352 loading database
2021/11/09 18:07:15:989 hasOptifineInstalled result -1
2021/11/09 18:07:15:990 patching optifine
2021/11/09 18:07:19:965 optifine has been installed, launching client, result:  0
2021/11/09 18:07:21:382 TypeError: Cannot read property 'repeated' of undefined
    at n.updateJarModalProgressBar (file:///tmp/.mount_Badlio1s62mE/resources/app.asar/app/static/js/main.2dfc67e3.chunk.js:1:6078692)
    at file:///tmp/.mount_Badlio1s62mE/resources/app.asar/app/static/js/main.2dfc67e3.chunk.js:1:5916985
    at CallbacksRegistry.apply (electron/js2c/renderer_init.js:107:834)
    at electron/js2c/renderer_init.js:83:5623
    at electron/js2c/renderer_init.js:83:5332
    at EventEmitter.<anonymous> (electron/js2c/renderer_init.js:103:732)
    at EventEmitter.emit (events.js:315:20)
    at Object.onMessage (electron/js2c/renderer_init.js:91:925)
2021/11/09 18:49:10:586 null
2021/11/09 18:49:10:588 null
2021/11/09 18:50:31:359 completed jarUpdate call
